<?xml version="1.0" encoding="UTF-8"?>
<coverage generated="1771308894006" clover="3.2.0">
  <project timestamp="1771308894006" name="All files">
    <metrics statements="163" coveredstatements="150" conditionals="106" coveredconditionals="89" methods="76" coveredmethods="65" elements="345" coveredelements="304" complexity="0" loc="163" ncloc="163" packages="11" files="24" classes="24"/>
    <package name="src">
      <metrics statements="7" coveredstatements="3" conditionals="2" coveredconditionals="0" methods="1" coveredmethods="1"/>
      <file name="App.tsx" path="C:\Users\mykii\Downloads\VCOM -TZ\frontend\src\App.tsx">
        <metrics statements="3" coveredstatements="3" conditionals="0" coveredconditionals="0" methods="1" coveredmethods="1"/>
        <line num="6" count="1" type="stmt"/>
        <line num="15" count="1" type="stmt"/>
        <line num="16" count="1" type="stmt"/>
      </file>
      <file name="index.tsx" path="C:\Users\mykii\Downloads\VCOM -TZ\frontend\src\index.tsx">
        <metrics statements="4" coveredstatements="0" conditionals="2" coveredconditionals="0" methods="0" coveredmethods="0"/>
        <line num="6" count="0" type="stmt"/>
        <line num="7" count="0" type="cond" truecount="0" falsecount="2"/>
        <line num="9" count="0" type="stmt"/>
        <line num="10" count="0" type="stmt"/>
      </file>
    </package>
    <package name="src.components.Charts">
      <metrics statements="13" coveredstatements="13" conditionals="4" coveredconditionals="4" methods="6" coveredmethods="6"/>
      <file name="ForecastChart.tsx" path="C:\Users\mykii\Downloads\VCOM -TZ\frontend\src\components\Charts\ForecastChart.tsx">
        <metrics statements="13" coveredstatements="13" conditionals="4" coveredconditionals="4" methods="6" coveredmethods="6"/>
        <line num="18" count="2" type="stmt"/>
        <line num="25" count="2" type="stmt"/>
        <line num="26" count="6" type="stmt"/>
        <line num="38" count="2" type="stmt"/>
        <line num="39" count="9" type="cond" truecount="2" falsecount="0"/>
        <line num="40" count="8" type="cond" truecount="2" falsecount="0"/>
        <line num="42" count="4" type="stmt"/>
        <line num="44" count="2" type="stmt"/>
        <line num="49" count="4" type="stmt"/>
        <line num="59" count="4" type="stmt"/>
        <line num="68" count="4" type="stmt"/>
        <line num="79" count="2" type="stmt"/>
        <line num="117" count="2" type="stmt"/>
      </file>
    </package>
    <package name="src.components.Common">
      <metrics statements="7" coveredstatements="7" conditionals="10" coveredconditionals="9" methods="4" coveredmethods="4"/>
      <file name="ErrorAlert.tsx" path="C:\Users\mykii\Downloads\VCOM -TZ\frontend\src\components\Common\ErrorAlert.tsx">
        <metrics statements="2" coveredstatements="2" conditionals="3" coveredconditionals="3" methods="1" coveredmethods="1"/>
        <line num="10" count="2" type="stmt"/>
        <line num="15" count="7" type="stmt"/>
      </file>
      <file name="LoadingSpinner.tsx" path="C:\Users\mykii\Downloads\VCOM -TZ\frontend\src\components\Common\LoadingSpinner.tsx">
        <metrics statements="5" coveredstatements="5" conditionals="7" coveredconditionals="6" methods="3" coveredmethods="3"/>
        <line num="9" count="4" type="stmt"/>
        <line num="13" count="6" type="stmt"/>
        <line num="23" count="4" type="cond" truecount="1" falsecount="0"/>
        <line num="24" count="2" type="stmt"/>
        <line num="26" count="8" type="stmt"/>
      </file>
    </package>
    <package name="src.components.Layout">
      <metrics statements="33" coveredstatements="31" conditionals="28" coveredconditionals="27" methods="14" coveredmethods="11"/>
      <file name="Dashboard.tsx" path="C:\Users\mykii\Downloads\VCOM -TZ\frontend\src\components\Layout\Dashboard.tsx">
        <metrics statements="16" coveredstatements="14" conditionals="10" coveredconditionals="9" methods="7" coveredmethods="4"/>
        <line num="17" count="1" type="stmt"/>
        <line num="21" count="9" type="stmt"/>
        <line num="22" count="9" type="stmt"/>
        <line num="23" count="9" type="stmt"/>
        <line num="24" count="9" type="stmt"/>
        <line num="25" count="9" type="stmt"/>
        <line num="27" count="9" type="stmt"/>
        <line num="28" count="0" type="stmt"/>
        <line num="31" count="9" type="cond" truecount="2" falsecount="0"/>
        <line num="32" count="8" type="cond" truecount="2" falsecount="0"/>
        <line num="33" count="7" type="cond" truecount="2" falsecount="0"/>
        <line num="35" count="6" type="stmt"/>
        <line num="37" count="6" type="stmt"/>
        <line num="68" count="18" type="stmt"/>
        <line num="71" count="1" type="stmt"/>
        <line num="87" count="0" type="stmt"/>
      </file>
      <file name="Header.tsx" path="C:\Users\mykii\Downloads\VCOM -TZ\frontend\src\components\Layout\Header.tsx">
        <metrics statements="2" coveredstatements="2" conditionals="0" coveredconditionals="0" methods="1" coveredmethods="1"/>
        <line num="8" count="1" type="stmt"/>
        <line num="9" count="5" type="stmt"/>
      </file>
      <file name="Sidebar.tsx" path="C:\Users\mykii\Downloads\VCOM -TZ\frontend\src\components\Layout\Sidebar.tsx">
        <metrics statements="15" coveredstatements="15" conditionals="18" coveredconditionals="18" methods="6" coveredmethods="6"/>
        <line num="14" count="33" type="cond" truecount="2" falsecount="0"/>
        <line num="15" count="24" type="cond" truecount="2" falsecount="0"/>
        <line num="16" count="18" type="cond" truecount="2" falsecount="0"/>
        <line num="17" count="9" type="stmt"/>
        <line num="21" count="33" type="cond" truecount="2" falsecount="0"/>
        <line num="22" count="24" type="cond" truecount="2" falsecount="0"/>
        <line num="23" count="18" type="cond" truecount="2" falsecount="0"/>
        <line num="24" count="9" type="stmt"/>
        <line num="27" count="2" type="stmt"/>
        <line num="34" count="15" type="stmt"/>
        <line num="35" count="1" type="stmt"/>
        <line num="36" count="1" type="stmt"/>
        <line num="39" count="15" type="stmt"/>
        <line num="57" count="33" type="stmt"/>
        <line num="60" count="1" type="stmt"/>
      </file>
    </package>
    <package name="src.components.Map">
      <metrics statements="30" coveredstatements="28" conditionals="20" coveredconditionals="14" methods="11" coveredmethods="11"/>
      <file name="Legend.tsx" path="C:\Users\mykii\Downloads\VCOM -TZ\frontend\src\components\Map\Legend.tsx">
        <metrics statements="4" coveredstatements="4" conditionals="0" coveredconditionals="0" methods="2" coveredmethods="2"/>
        <line num="4" count="2" type="stmt"/>
        <line num="11" count="2" type="stmt"/>
        <line num="12" count="20" type="stmt"/>
        <line num="15" count="80" type="stmt"/>
      </file>
      <file name="MapView.tsx" path="C:\Users\mykii\Downloads\VCOM -TZ\frontend\src\components\Map\MapView.tsx">
        <metrics statements="26" coveredstatements="24" conditionals="20" coveredconditionals="14" methods="9" coveredmethods="9"/>
        <line num="15" count="9" type="cond" truecount="2" falsecount="0"/>
        <line num="16" count="8" type="cond" truecount="2" falsecount="0"/>
        <line num="17" count="3" type="cond" truecount="2" falsecount="0"/>
        <line num="18" count="2" type="stmt"/>
        <line num="22" count="4" type="cond" truecount="1" falsecount="1"/>
        <line num="23" count="4" type="cond" truecount="1" falsecount="1"/>
        <line num="24" count="0" type="cond" truecount="0" falsecount="2"/>
        <line num="25" count="0" type="stmt"/>
        <line num="28" count="1" type="stmt"/>
        <line num="29" count="16" type="stmt"/>
        <line num="30" count="5" type="cond" truecount="2" falsecount="0"/>
        <line num="31" count="5" type="stmt"/>
        <line num="40" count="16" type="stmt"/>
        <line num="42" count="4" type="stmt"/>
        <line num="43" count="4" type="stmt"/>
        <line num="44" count="4" type="stmt"/>
        <line num="45" count="4" type="stmt"/>
        <line num="47" count="4" type="stmt"/>
        <line num="73" count="4" type="stmt"/>
        <line num="74" count="4" type="stmt"/>
        <line num="80" count="16" type="stmt"/>
        <line num="81" count="16" type="stmt"/>
        <line num="82" count="16" type="stmt"/>
        <line num="83" count="16" type="stmt"/>
        <line num="87" count="16" type="stmt"/>
        <line num="89" count="16" type="stmt"/>
      </file>
    </package>
    <package name="src.components.Optimizer">
      <metrics statements="22" coveredstatements="18" conditionals="20" coveredconditionals="17" methods="14" coveredmethods="8"/>
      <file name="BudgetForm.tsx" path="C:\Users\mykii\Downloads\VCOM -TZ\frontend\src\components\Optimizer\BudgetForm.tsx">
        <metrics statements="16" coveredstatements="12" conditionals="18" coveredconditionals="15" methods="11" coveredmethods="5"/>
        <line num="11" count="2" type="stmt"/>
        <line num="12" count="17" type="stmt"/>
        <line num="13" count="17" type="stmt"/>
        <line num="15" count="17" type="stmt"/>
        <line num="16" count="0" type="stmt"/>
        <line num="17" count="0" type="cond" truecount="0" falsecount="2"/>
        <line num="21" count="17" type="stmt"/>
        <line num="22" count="17" type="stmt"/>
        <line num="24" count="17" type="stmt"/>
        <line num="25" count="1" type="stmt"/>
        <line num="26" count="1" type="cond" truecount="3" falsecount="1"/>
        <line num="27" count="1" type="stmt"/>
        <line num="30" count="17" type="stmt"/>
        <line num="52" count="0" type="stmt"/>
        <line num="79" count="28" type="stmt"/>
        <line num="89" count="0" type="stmt"/>
      </file>
      <file name="ResultsPanel.tsx" path="C:\Users\mykii\Downloads\VCOM -TZ\frontend\src\components\Optimizer\ResultsPanel.tsx">
        <metrics statements="6" coveredstatements="6" conditionals="2" coveredconditionals="2" methods="3" coveredmethods="3"/>
        <line num="9" count="2" type="stmt"/>
        <line num="10" count="7" type="stmt"/>
        <line num="20" count="2" type="stmt"/>
        <line num="21" count="10" type="cond" truecount="2" falsecount="0"/>
        <line num="23" count="3" type="stmt"/>
        <line num="52" count="3" type="stmt"/>
      </file>
    </package>
    <package name="src.components.Reports">
      <metrics statements="10" coveredstatements="9" conditionals="14" coveredconditionals="10" methods="6" coveredmethods="4"/>
      <file name="ReportGenerator.tsx" path="C:\Users\mykii\Downloads\VCOM -TZ\frontend\src\components\Reports\ReportGenerator.tsx">
        <metrics statements="10" coveredstatements="9" conditionals="14" coveredconditionals="10" methods="6" coveredmethods="4"/>
        <line num="10" count="2" type="stmt"/>
        <line num="11" count="17" type="stmt"/>
        <line num="12" count="17" type="stmt"/>
        <line num="14" count="17" type="stmt"/>
        <line num="15" count="2" type="cond" truecount="1" falsecount="1"/>
        <line num="16" count="2" type="stmt"/>
        <line num="23" count="17" type="stmt"/>
        <line num="25" count="17" type="stmt"/>
        <line num="41" count="1" type="stmt"/>
        <line num="50" count="0" type="stmt"/>
      </file>
    </package>
    <package name="src.hooks">
      <metrics statements="14" coveredstatements="14" conditionals="2" coveredconditionals="2" methods="9" coveredmethods="9"/>
      <file name="useForecast.ts" path="C:\Users\mykii\Downloads\VCOM -TZ\frontend\src\hooks\useForecast.ts">
        <metrics statements="3" coveredstatements="3" conditionals="2" coveredconditionals="2" methods="2" coveredmethods="2"/>
        <line num="4" count="1" type="stmt"/>
        <line num="9" count="5" type="stmt"/>
        <line num="11" count="2" type="stmt"/>
      </file>
      <file name="useOptimizer.ts" path="C:\Users\mykii\Downloads\VCOM -TZ\frontend\src\hooks\useOptimizer.ts">
        <metrics statements="3" coveredstatements="3" conditionals="0" coveredconditionals="0" methods="2" coveredmethods="2"/>
        <line num="5" count="1" type="stmt"/>
        <line num="6" count="4" type="stmt"/>
        <line num="7" count="2" type="stmt"/>
      </file>
      <file name="useRegions.ts" path="C:\Users\mykii\Downloads\VCOM -TZ\frontend\src\hooks\useRegions.ts">
        <metrics statements="5" coveredstatements="5" conditionals="0" coveredconditionals="0" methods="3" coveredmethods="3"/>
        <line num="4" count="1" type="stmt"/>
        <line num="5" count="4" type="stmt"/>
        <line num="12" count="1" type="stmt"/>
        <line num="13" count="3" type="stmt"/>
        <line num="15" count="1" type="stmt"/>
      </file>
      <file name="useReport.ts" path="C:\Users\mykii\Downloads\VCOM -TZ\frontend\src\hooks\useReport.ts">
        <metrics statements="3" coveredstatements="3" conditionals="0" coveredconditionals="0" methods="2" coveredmethods="2"/>
        <line num="5" count="1" type="stmt"/>
        <line num="6" count="4" type="stmt"/>
        <line num="7" count="2" type="stmt"/>
      </file>
    </package>
    <package name="src.pages">
      <metrics statements="7" coveredstatements="7" conditionals="0" coveredconditionals="0" methods="4" coveredmethods="4"/>
      <file name="DashboardPage.tsx" path="C:\Users\mykii\Downloads\VCOM -TZ\frontend\src\pages\DashboardPage.tsx">
        <metrics statements="7" coveredstatements="7" conditionals="0" coveredconditionals="0" methods="4" coveredmethods="4"/>
        <line num="5" count="1" type="stmt"/>
        <line num="6" count="10" type="stmt"/>
        <line num="8" count="10" type="stmt"/>
        <line num="9" count="4" type="stmt"/>
        <line num="12" count="10" type="stmt"/>
        <line num="13" count="1" type="stmt"/>
        <line num="16" count="10" type="stmt"/>
      </file>
    </package>
    <package name="src.services">
      <metrics statements="20" coveredstatements="20" conditionals="6" coveredconditionals="6" methods="7" coveredmethods="7"/>
      <file name="api.ts" path="C:\Users\mykii\Downloads\VCOM -TZ\frontend\src\services\api.ts">
        <metrics statements="5" coveredstatements="5" conditionals="4" coveredconditionals="4" methods="2" coveredmethods="2"/>
        <line num="3" count="9" type="stmt"/>
        <line num="11" count="9" type="stmt"/>
        <line num="12" count="1" type="stmt"/>
        <line num="14" count="2" type="cond" truecount="2" falsecount="0"/>
        <line num="15" count="2" type="stmt"/>
      </file>
      <file name="forecastApi.ts" path="C:\Users\mykii\Downloads\VCOM -TZ\frontend\src\services\forecastApi.ts">
        <metrics statements="3" coveredstatements="3" conditionals="2" coveredconditionals="2" methods="1" coveredmethods="1"/>
        <line num="4" count="2" type="stmt"/>
        <line num="9" count="3" type="stmt"/>
        <line num="13" count="2" type="stmt"/>
      </file>
      <file name="optimizerApi.ts" path="C:\Users\mykii\Downloads\VCOM -TZ\frontend\src\services\optimizerApi.ts">
        <metrics statements="3" coveredstatements="3" conditionals="0" coveredconditionals="0" methods="1" coveredmethods="1"/>
        <line num="4" count="2" type="stmt"/>
        <line num="7" count="2" type="stmt"/>
        <line num="8" count="1" type="stmt"/>
      </file>
      <file name="regionApi.ts" path="C:\Users\mykii\Downloads\VCOM -TZ\frontend\src\services\regionApi.ts">
        <metrics statements="6" coveredstatements="6" conditionals="0" coveredconditionals="0" methods="2" coveredmethods="2"/>
        <line num="4" count="2" type="stmt"/>
        <line num="5" count="2" type="stmt"/>
        <line num="6" count="1" type="stmt"/>
        <line num="9" count="2" type="stmt"/>
        <line num="10" count="1" type="stmt"/>
        <line num="11" count="1" type="stmt"/>
      </file>
      <file name="reportApi.ts" path="C:\Users\mykii\Downloads\VCOM -TZ\frontend\src\services\reportApi.ts">
        <metrics statements="3" coveredstatements="3" conditionals="0" coveredconditionals="0" methods="1" coveredmethods="1"/>
        <line num="4" count="2" type="stmt"/>
        <line num="7" count="2" type="stmt"/>
        <line num="8" count="1" type="stmt"/>
      </file>
    </package>
    <package name="src.types">
      <metrics statements="0" coveredstatements="0" conditionals="0" coveredconditionals="0" methods="0" coveredmethods="0"/>
      <file name="index.ts" path="C:\Users\mykii\Downloads\VCOM -TZ\frontend\src\types\index.ts">
        <metrics statements="0" coveredstatements="0" conditionals="0" coveredconditionals="0" methods="0" coveredmethods="0"/>
      </file>
    </package>
  </project>
</coverage>
