{"C:\\Users\\mykii\\Downloads\\VCOM -TZ\\frontend\\src\\App.tsx": {"path":"C:\\Users\\mykii\\Downloads\\VCOM -TZ\\frontend\\src\\App.tsx","statementMap":{"0":{"start":{"line":6,"column":20},"end":{"line":13,"column":2}},"1":{"start":{"line":15,"column":22},"end":{"line":23,"column":1}},"2":{"start":{"line":16,"column":2},"end":{"line":22,"column":24}}},"fnMap":{"0":{"name":"(anonymous_0)","decl":{"start":{"line":15,"column":22},"end":{"line":15,"column":23}},"loc":{"start":{"line":16,"column":2},"end":{"line":22,"column":24}},"line":16}},"branchMap":{},"s":{"0":0,"1":0,"2":0},"f":{"0":0},"b":{}}
,"C:\\Users\\mykii\\Downloads\\VCOM -TZ\\frontend\\src\\index.tsx": {"path":"C:\\Users\\mykii\\Downloads\\VCOM -TZ\\frontend\\src\\index.tsx","statementMap":{"0":{"start":{"line":6,"column":15},"end":{"line":6,"column":46}},"1":{"start":{"line":7,"column":0},"end":{"line":7,"column":55}},"2":{"start":{"line":7,"column":13},"end":{"line":7,"column":55}},"3":{"start":{"line":9,"column":13},"end":{"line":9,"column":40}},"4":{"start":{"line":10,"column":0},"end":{"line":14,"column":2}}},"fnMap":{},"branchMap":{"0":{"loc":{"start":{"line":7,"column":0},"end":{"line":7,"column":55}},"type":"if","locations":[{"start":{"line":7,"column":0},"end":{"line":7,"column":55}},{"start":{},"end":{}}],"line":7}},"s":{"0":0,"1":0,"2":0,"3":0,"4":0},"f":{},"b":{"0":[0,0]}}
,"C:\\Users\\mykii\\Downloads\\VCOM -TZ\\frontend\\src\\components\\Charts\\ForecastChart.tsx": {"path":"C:\\Users\\mykii\\Downloads\\VCOM -TZ\\frontend\\src\\components\\Charts\\ForecastChart.tsx","statementMap":{"0":{"start":{"line":18,"column":0},"end":{"line":18,"column":104}},"1":{"start":{"line":25,"column":29},"end":{"line":36,"column":1}},"2":{"start":{"line":26,"column":2},"end":{"line":35,"column":8}},"3":{"start":{"line":38,"column":52},"end":{"line":124,"column":1}},"4":{"start":{"line":39,"column":2},"end":{"line":39,"column":76}},"5":{"start":{"line":39,"column":17},"end":{"line":39,"column":76}},"6":{"start":{"line":40,"column":2},"end":{"line":40,"column":39}},"7":{"start":{"line":40,"column":17},"end":{"line":40,"column":39}},"8":{"start":{"line":42,"column":17},"end":{"line":42,"column":51}},"9":{"start":{"line":42,"column":44},"end":{"line":42,"column":50}},"10":{"start":{"line":44,"column":20},"end":{"line":77,"column":3}},"11":{"start":{"line":49,"column":41},"end":{"line":49,"column":60}},"12":{"start":{"line":59,"column":41},"end":{"line":59,"column":51}},"13":{"start":{"line":68,"column":41},"end":{"line":68,"column":51}},"14":{"start":{"line":79,"column":18},"end":{"line":115,"column":3}},"15":{"start":{"line":117,"column":2},"end":{"line":123,"column":4}}},"fnMap":{"0":{"name":"(anonymous_0)","decl":{"start":{"line":25,"column":29},"end":{"line":25,"column":30}},"loc":{"start":{"line":26,"column":2},"end":{"line":35,"column":8}},"line":26},"1":{"name":"(anonymous_1)","decl":{"start":{"line":38,"column":52},"end":{"line":38,"column":53}},"loc":{"start":{"line":38,"column":81},"end":{"line":124,"column":1}},"line":38},"2":{"name":"(anonymous_2)","decl":{"start":{"line":42,"column":37},"end":{"line":42,"column":38}},"loc":{"start":{"line":42,"column":44},"end":{"line":42,"column":50}},"line":42},"3":{"name":"(anonymous_3)","decl":{"start":{"line":49,"column":34},"end":{"line":49,"column":35}},"loc":{"start":{"line":49,"column":41},"end":{"line":49,"column":60}},"line":49},"4":{"name":"(anonymous_4)","decl":{"start":{"line":59,"column":34},"end":{"line":59,"column":35}},"loc":{"start":{"line":59,"column":41},"end":{"line":59,"column":51}},"line":59},"5":{"name":"(anonymous_5)","decl":{"start":{"line":68,"column":34},"end":{"line":68,"column":35}},"loc":{"start":{"line":68,"column":41},"end":{"line":68,"column":51}},"line":68}},"branchMap":{"0":{"loc":{"start":{"line":39,"column":2},"end":{"line":39,"column":76}},"type":"if","locations":[{"start":{"line":39,"column":2},"end":{"line":39,"column":76}},{"start":{},"end":{}}],"line":39},"1":{"loc":{"start":{"line":40,"column":2},"end":{"line":40,"column":39}},"type":"if","locations":[{"start":{"line":40,"column":2},"end":{"line":40,"column":39}},{"start":{},"end":{}}],"line":40}},"s":{"0":1,"1":1,"2":1,"3":1,"4":4,"5":1,"6":3,"7":1,"8":2,"9":4,"10":2,"11":4,"12":4,"13":4,"14":2,"15":2},"f":{"0":1,"1":4,"2":4,"3":4,"4":4,"5":4},"b":{"0":[1,3],"1":[1,2]},"_coverageSchema":"1a1c01bbd47fc00a2c39e90264f33305004495a9","hash":"11caab7d99083a8c736633218d250343ed4cc99c"}
,"C:\\Users\\mykii\\Downloads\\VCOM -TZ\\frontend\\src\\components\\Common\\ErrorAlert.tsx": {"path":"C:\\Users\\mykii\\Downloads\\VCOM -TZ\\frontend\\src\\components\\Common\\ErrorAlert.tsx","statementMap":{"0":{"start":{"line":10,"column":46},"end":{"line":37,"column":1}},"1":{"start":{"line":15,"column":2},"end":{"line":36,"column":8}}},"fnMap":{"0":{"name":"(anonymous_0)","decl":{"start":{"line":10,"column":46},"end":{"line":10,"column":47}},"loc":{"start":{"line":15,"column":2},"end":{"line":36,"column":8}},"line":15}},"branchMap":{"0":{"loc":{"start":{"line":12,"column":2},"end":{"line":12,"column":17}},"type":"default-arg","locations":[{"start":{"line":12,"column":10},"end":{"line":12,"column":17}}],"line":12},"1":{"loc":{"start":{"line":27,"column":5},"end":{"line":35,"column":5}},"type":"binary-expr","locations":[{"start":{"line":27,"column":5},"end":{"line":27,"column":12}},{"start":{"line":28,"column":6},"end":{"line":34,"column":15}}],"line":27}},"s":{"0":1,"1":6},"f":{"0":6},"b":{"0":[5],"1":[6,1]},"_coverageSchema":"1a1c01bbd47fc00a2c39e90264f33305004495a9","hash":"bcaffe73a2cbdf5fa8b91b56e067fbee93457797"}
,"C:\\Users\\mykii\\Downloads\\VCOM -TZ\\frontend\\src\\components\\Common\\LoadingSpinner.tsx": {"path":"C:\\Users\\mykii\\Downloads\\VCOM -TZ\\frontend\\src\\components\\Common\\LoadingSpinner.tsx","statementMap":{"0":{"start":{"line":9,"column":54},"end":{"line":21,"column":1}},"1":{"start":{"line":13,"column":2},"end":{"line":20,"column":8}},"2":{"start":{"line":23,"column":60},"end":{"line":35,"column":1}},"3":{"start":{"line":24,"column":2},"end":{"line":34,"column":8}},"4":{"start":{"line":26,"column":6},"end":{"line":31,"column":8}}},"fnMap":{"0":{"name":"(anonymous_0)","decl":{"start":{"line":9,"column":54},"end":{"line":9,"column":55}},"loc":{"start":{"line":13,"column":2},"end":{"line":20,"column":8}},"line":13},"1":{"name":"(anonymous_1)","decl":{"start":{"line":23,"column":60},"end":{"line":23,"column":61}},"loc":{"start":{"line":24,"column":2},"end":{"line":34,"column":8}},"line":24},"2":{"name":"(anonymous_2)","decl":{"start":{"line":25,"column":39},"end":{"line":25,"column":40}},"loc":{"start":{"line":26,"column":6},"end":{"line":31,"column":8}},"line":26}},"branchMap":{"0":{"loc":{"start":{"line":10,"column":2},"end":{"line":10,"column":24}},"type":"default-arg","locations":[{"start":{"line":10,"column":12},"end":{"line":10,"column":24}}],"line":10},"1":{"loc":{"start":{"line":11,"column":2},"end":{"line":11,"column":18}},"type":"default-arg","locations":[{"start":{"line":11,"column":9},"end":{"line":11,"column":18}}],"line":11},"2":{"loc":{"start":{"line":15,"column":38},"end":{"line":15,"column":81}},"type":"cond-expr","locations":[{"start":{"line":15,"column":57},"end":{"line":15,"column":76}},{"start":{"line":15,"column":79},"end":{"line":15,"column":81}}],"line":15},"3":{"loc":{"start":{"line":23,"column":63},"end":{"line":23,"column":72}},"type":"default-arg","locations":[{"start":{"line":23,"column":71},"end":{"line":23,"column":72}}],"line":23},"4":{"loc":{"start":{"line":29,"column":10},"end":{"line":29,"column":57}},"type":"cond-expr","locations":[{"start":{"line":29,"column":28},"end":{"line":29,"column":52}},{"start":{"line":29,"column":55},"end":{"line":29,"column":57}}],"line":29}},"s":{"0":3,"1":5,"2":3,"3":2,"4":8},"f":{"0":5,"1":2,"2":8},"b":{"0":[2],"1":[5],"2":[0,5],"3":[1],"4":[2,6]},"_coverageSchema":"1a1c01bbd47fc00a2c39e90264f33305004495a9","hash":"97d9a39b6283377d2f11753ecc25231fa2038af8"}
,"C:\\Users\\mykii\\Downloads\\VCOM -TZ\\frontend\\src\\components\\Layout\\Dashboard.tsx": {"path":"C:\\Users\\mykii\\Downloads\\VCOM -TZ\\frontend\\src\\components\\Layout\\Dashboard.tsx","statementMap":{"0":{"start":{"line":17,"column":82},"end":{"line":100,"column":1}},"1":{"start":{"line":21,"column":50},"end":{"line":21,"column":79}},"2":{"start":{"line":22,"column":36},"end":{"line":22,"column":66}},"3":{"start":{"line":23,"column":89},"end":{"line":23,"column":101}},"4":{"start":{"line":24,"column":57},"end":{"line":24,"column":101}},"5":{"start":{"line":25,"column":20},"end":{"line":25,"column":34}},"6":{"start":{"line":27,"column":29},"end":{"line":29,"column":8}},"7":{"start":{"line":28,"column":4},"end":{"line":28,"column":28}},"8":{"start":{"line":31,"column":2},"end":{"line":31,"column":77}},"9":{"start":{"line":31,"column":22},"end":{"line":31,"column":77}},"10":{"start":{"line":32,"column":2},"end":{"line":32,"column":129}},"11":{"start":{"line":32,"column":20},"end":{"line":32,"column":129}},"12":{"start":{"line":32,"column":115},"end":{"line":32,"column":124}},"13":{"start":{"line":33,"column":2},"end":{"line":33,"column":32}},"14":{"start":{"line":33,"column":20},"end":{"line":33,"column":32}},"15":{"start":{"line":35,"column":21},"end":{"line":35,"column":66}},"16":{"start":{"line":35,"column":53},"end":{"line":35,"column":65}},"17":{"start":{"line":37,"column":2},"end":{"line":99,"column":4}},"18":{"start":{"line":68,"column":18},"end":{"line":76,"column":27}},"19":{"start":{"line":71,"column":35},"end":{"line":71,"column":50}},"20":{"start":{"line":87,"column":35},"end":{"line":87,"column":56}}},"fnMap":{"0":{"name":"(anonymous_0)","decl":{"start":{"line":17,"column":82},"end":{"line":17,"column":83}},"loc":{"start":{"line":20,"column":6},"end":{"line":100,"column":1}},"line":20},"1":{"name":"(anonymous_1)","decl":{"start":{"line":27,"column":41},"end":{"line":27,"column":42}},"loc":{"start":{"line":27,"column":57},"end":{"line":29,"column":3}},"line":27},"2":{"name":"(anonymous_2)","decl":{"start":{"line":32,"column":109},"end":{"line":32,"column":110}},"loc":{"start":{"line":32,"column":115},"end":{"line":32,"column":124}},"line":32},"3":{"name":"(anonymous_3)","decl":{"start":{"line":35,"column":46},"end":{"line":35,"column":47}},"loc":{"start":{"line":35,"column":53},"end":{"line":35,"column":65}},"line":35},"4":{"name":"(anonymous_4)","decl":{"start":{"line":67,"column":69},"end":{"line":67,"column":70}},"loc":{"start":{"line":68,"column":18},"end":{"line":76,"column":27}},"line":68},"5":{"name":"(anonymous_5)","decl":{"start":{"line":71,"column":29},"end":{"line":71,"column":30}},"loc":{"start":{"line":71,"column":35},"end":{"line":71,"column":50}},"line":71},"6":{"name":"(anonymous_6)","decl":{"start":{"line":87,"column":26},"end":{"line":87,"column":27}},"loc":{"start":{"line":87,"column":35},"end":{"line":87,"column":56}},"line":87}},"branchMap":{"0":{"loc":{"start":{"line":31,"column":2},"end":{"line":31,"column":77}},"type":"if","locations":[{"start":{"line":31,"column":2},"end":{"line":31,"column":77}},{"start":{},"end":{}}],"line":31},"1":{"loc":{"start":{"line":32,"column":2},"end":{"line":32,"column":129}},"type":"if","locations":[{"start":{"line":32,"column":2},"end":{"line":32,"column":129}},{"start":{},"end":{}}],"line":32},"2":{"loc":{"start":{"line":33,"column":2},"end":{"line":33,"column":32}},"type":"if","locations":[{"start":{"line":33,"column":2},"end":{"line":33,"column":32}},{"start":{},"end":{}}],"line":33},"3":{"loc":{"start":{"line":70,"column":48},"end":{"line":70,"column":87}},"type":"cond-expr","locations":[{"start":{"line":70,"column":66},"end":{"line":70,"column":82}},{"start":{"line":70,"column":85},"end":{"line":70,"column":87}}],"line":70},"4":{"loc":{"start":{"line":92,"column":35},"end":{"line":92,"column":77}},"type":"cond-expr","locations":[{"start":{"line":92,"column":54},"end":{"line":92,"column":72}},{"start":{"line":92,"column":75},"end":{"line":92,"column":77}}],"line":92}},"s":{"0":0,"1":0,"2":0,"3":0,"4":0,"5":0,"6":0,"7":0,"8":0,"9":0,"10":0,"11":0,"12":0,"13":0,"14":0,"15":0,"16":0,"17":0,"18":0,"19":0,"20":0},"f":{"0":0,"1":0,"2":0,"3":0,"4":0,"5":0,"6":0},"b":{"0":[0,0],"1":[0,0],"2":[0,0],"3":[0,0],"4":[0,0]}}
,"C:\\Users\\mykii\\Downloads\\VCOM -TZ\\frontend\\src\\components\\Layout\\Header.tsx": {"path":"C:\\Users\\mykii\\Downloads\\VCOM -TZ\\frontend\\src\\components\\Layout\\Header.tsx","statementMap":{"0":{"start":{"line":8,"column":38},"end":{"line":31,"column":1}},"1":{"start":{"line":9,"column":2},"end":{"line":30,"column":11}}},"fnMap":{"0":{"name":"(anonymous_0)","decl":{"start":{"line":8,"column":38},"end":{"line":8,"column":39}},"loc":{"start":{"line":9,"column":2},"end":{"line":30,"column":11}},"line":9}},"branchMap":{},"s":{"0":1,"1":5},"f":{"0":5},"b":{},"_coverageSchema":"1a1c01bbd47fc00a2c39e90264f33305004495a9","hash":"4de81becd5038bc9f610b0a4c21db8b32ad42b8b"}
,"C:\\Users\\mykii\\Downloads\\VCOM -TZ\\frontend\\src\\components\\Layout\\Sidebar.tsx": {"path":"C:\\Users\\mykii\\Downloads\\VCOM -TZ\\frontend\\src\\components\\Layout\\Sidebar.tsx","statementMap":{"0":{"start":{"line":14,"column":2},"end":{"line":14,"column":50}},"1":{"start":{"line":14,"column":20},"end":{"line":14,"column":50}},"2":{"start":{"line":15,"column":2},"end":{"line":15,"column":46}},"3":{"start":{"line":15,"column":20},"end":{"line":15,"column":46}},"4":{"start":{"line":16,"column":2},"end":{"line":16,"column":48}},"5":{"start":{"line":16,"column":20},"end":{"line":16,"column":48}},"6":{"start":{"line":17,"column":2},"end":{"line":17,"column":27}},"7":{"start":{"line":21,"column":2},"end":{"line":21,"column":38}},"8":{"start":{"line":21,"column":20},"end":{"line":21,"column":38}},"9":{"start":{"line":22,"column":2},"end":{"line":22,"column":34}},"10":{"start":{"line":22,"column":20},"end":{"line":22,"column":34}},"11":{"start":{"line":23,"column":2},"end":{"line":23,"column":36}},"12":{"start":{"line":23,"column":20},"end":{"line":23,"column":36}},"13":{"start":{"line":24,"column":2},"end":{"line":24,"column":15}},"14":{"start":{"line":27,"column":40},"end":{"line":82,"column":1}},"15":{"start":{"line":34,"column":23},"end":{"line":37,"column":3}},"16":{"start":{"line":35,"column":4},"end":{"line":35,"column":23}},"17":{"start":{"line":36,"column":4},"end":{"line":36,"column":14}},"18":{"start":{"line":39,"column":2},"end":{"line":81,"column":4}},"19":{"start":{"line":57,"column":12},"end":{"line":76,"column":17}},"20":{"start":{"line":60,"column":31},"end":{"line":60,"column":49}}},"fnMap":{"0":{"name":"getRiskColor","decl":{"start":{"line":13,"column":9},"end":{"line":13,"column":21}},"loc":{"start":{"line":13,"column":45},"end":{"line":18,"column":1}},"line":13},"1":{"name":"getRiskLabel","decl":{"start":{"line":20,"column":9},"end":{"line":20,"column":21}},"loc":{"start":{"line":20,"column":45},"end":{"line":25,"column":1}},"line":20},"2":{"name":"(anonymous_2)","decl":{"start":{"line":27,"column":40},"end":{"line":27,"column":41}},"loc":{"start":{"line":33,"column":6},"end":{"line":82,"column":1}},"line":33},"3":{"name":"(anonymous_3)","decl":{"start":{"line":34,"column":23},"end":{"line":34,"column":24}},"loc":{"start":{"line":34,"column":39},"end":{"line":37,"column":3}},"line":34},"4":{"name":"(anonymous_4)","decl":{"start":{"line":56,"column":23},"end":{"line":56,"column":24}},"loc":{"start":{"line":57,"column":12},"end":{"line":76,"column":17}},"line":57},"5":{"name":"(anonymous_5)","decl":{"start":{"line":60,"column":25},"end":{"line":60,"column":26}},"loc":{"start":{"line":60,"column":31},"end":{"line":60,"column":49}},"line":60}},"branchMap":{"0":{"loc":{"start":{"line":14,"column":2},"end":{"line":14,"column":50}},"type":"if","locations":[{"start":{"line":14,"column":2},"end":{"line":14,"column":50}},{"start":{},"end":{}}],"line":14},"1":{"loc":{"start":{"line":15,"column":2},"end":{"line":15,"column":46}},"type":"if","locations":[{"start":{"line":15,"column":2},"end":{"line":15,"column":46}},{"start":{},"end":{}}],"line":15},"2":{"loc":{"start":{"line":16,"column":2},"end":{"line":16,"column":48}},"type":"if","locations":[{"start":{"line":16,"column":2},"end":{"line":16,"column":48}},{"start":{},"end":{}}],"line":16},"3":{"loc":{"start":{"line":21,"column":2},"end":{"line":21,"column":38}},"type":"if","locations":[{"start":{"line":21,"column":2},"end":{"line":21,"column":38}},{"start":{},"end":{}}],"line":21},"4":{"loc":{"start":{"line":22,"column":2},"end":{"line":22,"column":34}},"type":"if","locations":[{"start":{"line":22,"column":2},"end":{"line":22,"column":34}},{"start":{},"end":{}}],"line":22},"5":{"loc":{"start":{"line":23,"column":2},"end":{"line":23,"column":36}},"type":"if","locations":[{"start":{"line":23,"column":2},"end":{"line":23,"column":36}},{"start":{},"end":{}}],"line":23},"6":{"loc":{"start":{"line":42,"column":19},"end":{"line":42,"column":66}},"type":"cond-expr","locations":[{"start":{"line":42,"column":28},"end":{"line":42,"column":49}},{"start":{"line":42,"column":52},"end":{"line":42,"column":66}}],"line":42},"7":{"loc":{"start":{"line":47,"column":40},"end":{"line":47,"column":72}},"type":"cond-expr","locations":[{"start":{"line":47,"column":49},"end":{"line":47,"column":67}},{"start":{"line":47,"column":70},"end":{"line":47,"column":72}}],"line":47},"8":{"loc":{"start":{"line":59,"column":45},"end":{"line":59,"column":95}},"type":"cond-expr","locations":[{"start":{"line":59,"column":73},"end":{"line":59,"column":90}},{"start":{"line":59,"column":93},"end":{"line":59,"column":95}}],"line":59}},"s":{"0":27,"1":9,"2":18,"3":0,"4":18,"5":9,"6":9,"7":27,"8":9,"9":18,"10":0,"11":18,"12":9,"13":9,"14":1,"15":9,"16":1,"17":1,"18":9,"19":27,"20":1},"f":{"0":27,"1":27,"2":9,"3":1,"4":27,"5":1},"b":{"0":[9,18],"1":[0,18],"2":[9,9],"3":[9,18],"4":[0,18],"5":[9,9],"6":[9,0],"7":[9,0],"8":[1,26]},"_coverageSchema":"1a1c01bbd47fc00a2c39e90264f33305004495a9","hash":"ec0a6defecbb552931aa3ebabdf0b37c4fa33302"}
,"C:\\Users\\mykii\\Downloads\\VCOM -TZ\\frontend\\src\\components\\Map\\Legend.tsx": {"path":"C:\\Users\\mykii\\Downloads\\VCOM -TZ\\frontend\\src\\components\\Map\\Legend.tsx","statementMap":{"0":{"start":{"line":4,"column":20},"end":{"line":9,"column":1}},"1":{"start":{"line":11,"column":25},"end":{"line":25,"column":1}},"2":{"start":{"line":12,"column":2},"end":{"line":24,"column":8}},"3":{"start":{"line":15,"column":6},"end":{"line":22,"column":12}}},"fnMap":{"0":{"name":"(anonymous_0)","decl":{"start":{"line":11,"column":25},"end":{"line":11,"column":26}},"loc":{"start":{"line":12,"column":2},"end":{"line":24,"column":8}},"line":12},"1":{"name":"(anonymous_1)","decl":{"start":{"line":14,"column":21},"end":{"line":14,"column":22}},"loc":{"start":{"line":15,"column":6},"end":{"line":22,"column":12}},"line":15}},"branchMap":{},"s":{"0":1,"1":1,"2":4,"3":16},"f":{"0":4,"1":16},"b":{},"_coverageSchema":"1a1c01bbd47fc00a2c39e90264f33305004495a9","hash":"80043407cca749c36fb1d2b804f660cee04397ab"}
,"C:\\Users\\mykii\\Downloads\\VCOM -TZ\\frontend\\src\\components\\Map\\MapView.tsx": {"path":"C:\\Users\\mykii\\Downloads\\VCOM -TZ\\frontend\\src\\components\\Map\\MapView.tsx","statementMap":{"0":{"start":{"line":15,"column":2},"end":{"line":15,"column":59}},"1":{"start":{"line":15,"column":20},"end":{"line":15,"column":59}},"2":{"start":{"line":16,"column":2},"end":{"line":16,"column":55}},"3":{"start":{"line":16,"column":20},"end":{"line":16,"column":55}},"4":{"start":{"line":17,"column":2},"end":{"line":17,"column":57}},"5":{"start":{"line":17,"column":20},"end":{"line":17,"column":57}},"6":{"start":{"line":18,"column":2},"end":{"line":18,"column":36}},"7":{"start":{"line":22,"column":2},"end":{"line":22,"column":37}},"8":{"start":{"line":22,"column":20},"end":{"line":22,"column":37}},"9":{"start":{"line":23,"column":2},"end":{"line":23,"column":37}},"10":{"start":{"line":23,"column":20},"end":{"line":23,"column":37}},"11":{"start":{"line":24,"column":2},"end":{"line":24,"column":37}},"12":{"start":{"line":24,"column":20},"end":{"line":24,"column":37}},"13":{"start":{"line":25,"column":2},"end":{"line":25,"column":19}},"14":{"start":{"line":29,"column":2},"end":{"line":29,"column":38}},"15":{"start":{"line":29,"column":20},"end":{"line":29,"column":38}},"16":{"start":{"line":30,"column":2},"end":{"line":30,"column":34}},"17":{"start":{"line":30,"column":20},"end":{"line":30,"column":34}},"18":{"start":{"line":31,"column":2},"end":{"line":31,"column":36}},"19":{"start":{"line":31,"column":20},"end":{"line":31,"column":36}},"20":{"start":{"line":32,"column":2},"end":{"line":32,"column":15}},"21":{"start":{"line":35,"column":40},"end":{"line":120,"column":1}},"22":{"start":{"line":36,"column":16},"end":{"line":45,"column":8}},"23":{"start":{"line":37,"column":17},"end":{"line":37,"column":53}},"24":{"start":{"line":38,"column":4},"end":{"line":44,"column":6}},"25":{"start":{"line":47,"column":24},"end":{"line":84,"column":3}},"26":{"start":{"line":49,"column":20},"end":{"line":49,"column":58}},"27":{"start":{"line":50,"column":22},"end":{"line":50,"column":57}},"28":{"start":{"line":51,"column":24},"end":{"line":51,"column":57}},"29":{"start":{"line":52,"column":24},"end":{"line":52,"column":54}},"30":{"start":{"line":54,"column":27},"end":{"line":78,"column":7}},"31":{"start":{"line":80,"column":6},"end":{"line":80,"column":36}},"32":{"start":{"line":81,"column":6},"end":{"line":81,"column":58}},"33":{"start":{"line":81,"column":30},"end":{"line":81,"column":54}},"34":{"start":{"line":87,"column":2},"end":{"line":92,"column":23}},"35":{"start":{"line":88,"column":4},"end":{"line":88,"column":52}},"36":{"start":{"line":89,"column":4},"end":{"line":91,"column":6}},"37":{"start":{"line":90,"column":6},"end":{"line":90,"column":44}},"38":{"start":{"line":94,"column":21},"end":{"line":94,"column":64}},"39":{"start":{"line":94,"column":35},"end":{"line":94,"column":55}},"40":{"start":{"line":96,"column":2},"end":{"line":119,"column":4}}},"fnMap":{"0":{"name":"getRiskColor","decl":{"start":{"line":14,"column":9},"end":{"line":14,"column":21}},"loc":{"start":{"line":14,"column":45},"end":{"line":19,"column":1}},"line":14},"1":{"name":"getRiskColorRaw","decl":{"start":{"line":21,"column":9},"end":{"line":21,"column":24}},"loc":{"start":{"line":21,"column":48},"end":{"line":26,"column":1}},"line":21},"2":{"name":"getRiskLabel","decl":{"start":{"line":28,"column":9},"end":{"line":28,"column":21}},"loc":{"start":{"line":28,"column":45},"end":{"line":33,"column":1}},"line":28},"3":{"name":"(anonymous_3)","decl":{"start":{"line":35,"column":40},"end":{"line":35,"column":41}},"loc":{"start":{"line":35,"column":70},"end":{"line":120,"column":1}},"line":35},"4":{"name":"(anonymous_4)","decl":{"start":{"line":36,"column":28},"end":{"line":36,"column":29}},"loc":{"start":{"line":36,"column":59},"end":{"line":45,"column":3}},"line":36},"5":{"name":"(anonymous_5)","decl":{"start":{"line":48,"column":4},"end":{"line":48,"column":5}},"loc":{"start":{"line":48,"column":36},"end":{"line":82,"column":5}},"line":48},"6":{"name":"(anonymous_6)","decl":{"start":{"line":81,"column":24},"end":{"line":81,"column":25}},"loc":{"start":{"line":81,"column":30},"end":{"line":81,"column":54}},"line":81},"7":{"name":"(anonymous_7)","decl":{"start":{"line":87,"column":18},"end":{"line":87,"column":19}},"loc":{"start":{"line":87,"column":24},"end":{"line":92,"column":3}},"line":87},"8":{"name":"(anonymous_8)","decl":{"start":{"line":89,"column":11},"end":{"line":89,"column":12}},"loc":{"start":{"line":89,"column":17},"end":{"line":91,"column":5}},"line":89},"9":{"name":"(anonymous_9)","decl":{"start":{"line":94,"column":29},"end":{"line":94,"column":30}},"loc":{"start":{"line":94,"column":35},"end":{"line":94,"column":55}},"line":94}},"branchMap":{"0":{"loc":{"start":{"line":15,"column":2},"end":{"line":15,"column":59}},"type":"if","locations":[{"start":{"line":15,"column":2},"end":{"line":15,"column":59}},{"start":{},"end":{}}],"line":15},"1":{"loc":{"start":{"line":16,"column":2},"end":{"line":16,"column":55}},"type":"if","locations":[{"start":{"line":16,"column":2},"end":{"line":16,"column":55}},{"start":{},"end":{}}],"line":16},"2":{"loc":{"start":{"line":17,"column":2},"end":{"line":17,"column":57}},"type":"if","locations":[{"start":{"line":17,"column":2},"end":{"line":17,"column":57}},{"start":{},"end":{}}],"line":17},"3":{"loc":{"start":{"line":22,"column":2},"end":{"line":22,"column":37}},"type":"if","locations":[{"start":{"line":22,"column":2},"end":{"line":22,"column":37}},{"start":{},"end":{}}],"line":22},"4":{"loc":{"start":{"line":23,"column":2},"end":{"line":23,"column":37}},"type":"if","locations":[{"start":{"line":23,"column":2},"end":{"line":23,"column":37}},{"start":{},"end":{}}],"line":23},"5":{"loc":{"start":{"line":24,"column":2},"end":{"line":24,"column":37}},"type":"if","locations":[{"start":{"line":24,"column":2},"end":{"line":24,"column":37}},{"start":{},"end":{}}],"line":24},"6":{"loc":{"start":{"line":29,"column":2},"end":{"line":29,"column":38}},"type":"if","locations":[{"start":{"line":29,"column":2},"end":{"line":29,"column":38}},{"start":{},"end":{}}],"line":29},"7":{"loc":{"start":{"line":30,"column":2},"end":{"line":30,"column":34}},"type":"if","locations":[{"start":{"line":30,"column":2},"end":{"line":30,"column":34}},{"start":{},"end":{}}],"line":30},"8":{"loc":{"start":{"line":31,"column":2},"end":{"line":31,"column":36}},"type":"if","locations":[{"start":{"line":31,"column":2},"end":{"line":31,"column":36}},{"start":{},"end":{}}],"line":31},"9":{"loc":{"start":{"line":37,"column":17},"end":{"line":37,"column":53}},"type":"binary-expr","locations":[{"start":{"line":37,"column":17},"end":{"line":37,"column":48}},{"start":{"line":37,"column":52},"end":{"line":37,"column":53}}],"line":37},"10":{"loc":{"start":{"line":60,"column":49},"end":{"line":60,"column":92}},"type":"binary-expr","locations":[{"start":{"line":60,"column":49},"end":{"line":60,"column":83}},{"start":{"line":60,"column":87},"end":{"line":60,"column":92}}],"line":60},"11":{"loc":{"start":{"line":64,"column":49},"end":{"line":64,"column":119}},"type":"cond-expr","locations":[{"start":{"line":64,"column":66},"end":{"line":64,"column":111}},{"start":{"line":64,"column":114},"end":{"line":64,"column":119}}],"line":64},"12":{"loc":{"start":{"line":108,"column":9},"end":{"line":115,"column":9}},"type":"binary-expr","locations":[{"start":{"line":108,"column":9},"end":{"line":108,"column":33}},{"start":{"line":109,"column":10},"end":{"line":114,"column":12}}],"line":108}},"s":{"0":0,"1":0,"2":0,"3":0,"4":0,"5":0,"6":0,"7":0,"8":0,"9":0,"10":0,"11":0,"12":0,"13":0,"14":0,"15":0,"16":0,"17":0,"18":0,"19":0,"20":0,"21":0,"22":0,"23":0,"24":0,"25":0,"26":0,"27":0,"28":0,"29":0,"30":0,"31":0,"32":0,"33":0,"34":0,"35":0,"36":0,"37":0,"38":0,"39":0,"40":0},"f":{"0":0,"1":0,"2":0,"3":0,"4":0,"5":0,"6":0,"7":0,"8":0,"9":0},"b":{"0":[0,0],"1":[0,0],"2":[0,0],"3":[0,0],"4":[0,0],"5":[0,0],"6":[0,0],"7":[0,0],"8":[0,0],"9":[0,0],"10":[0,0],"11":[0,0],"12":[0,0]}}
,"C:\\Users\\mykii\\Downloads\\VCOM -TZ\\frontend\\src\\components\\Optimizer\\BudgetForm.tsx": {"path":"C:\\Users\\mykii\\Downloads\\VCOM -TZ\\frontend\\src\\components\\Optimizer\\BudgetForm.tsx","statementMap":{"0":{"start":{"line":11,"column":46},"end":{"line":121,"column":1}},"1":{"start":{"line":12,"column":30},"end":{"line":12,"column":53}},"2":{"start":{"line":13,"column":40},"end":{"line":13,"column":62}},"3":{"start":{"line":15,"column":23},"end":{"line":19,"column":3}},"4":{"start":{"line":16,"column":4},"end":{"line":18,"column":6}},"5":{"start":{"line":17,"column":6},"end":{"line":17,"column":70}},"6":{"start":{"line":17,"column":45},"end":{"line":17,"column":53}},"7":{"start":{"line":21,"column":20},"end":{"line":21,"column":66}},"8":{"start":{"line":21,"column":26},"end":{"line":21,"column":66}},"9":{"start":{"line":21,"column":60},"end":{"line":21,"column":64}},"10":{"start":{"line":22,"column":19},"end":{"line":22,"column":43}},"11":{"start":{"line":22,"column":25},"end":{"line":22,"column":43}},"12":{"start":{"line":24,"column":23},"end":{"line":28,"column":3}},"13":{"start":{"line":25,"column":4},"end":{"line":25,"column":23}},"14":{"start":{"line":26,"column":4},"end":{"line":26,"column":56}},"15":{"start":{"line":26,"column":49},"end":{"line":26,"column":56}},"16":{"start":{"line":27,"column":4},"end":{"line":27,"column":62}},"17":{"start":{"line":30,"column":2},"end":{"line":120,"column":4}},"18":{"start":{"line":52,"column":27},"end":{"line":52,"column":60}},"19":{"start":{"line":79,"column":12},"end":{"line":93,"column":20}},"20":{"start":{"line":89,"column":32},"end":{"line":89,"column":50}}},"fnMap":{"0":{"name":"(anonymous_0)","decl":{"start":{"line":11,"column":46},"end":{"line":11,"column":47}},"loc":{"start":{"line":11,"column":84},"end":{"line":121,"column":1}},"line":11},"1":{"name":"(anonymous_1)","decl":{"start":{"line":15,"column":23},"end":{"line":15,"column":24}},"loc":{"start":{"line":15,"column":39},"end":{"line":19,"column":3}},"line":15},"2":{"name":"(anonymous_2)","decl":{"start":{"line":16,"column":19},"end":{"line":16,"column":20}},"loc":{"start":{"line":17,"column":6},"end":{"line":17,"column":70}},"line":17},"3":{"name":"(anonymous_3)","decl":{"start":{"line":17,"column":38},"end":{"line":17,"column":39}},"loc":{"start":{"line":17,"column":45},"end":{"line":17,"column":53}},"line":17},"4":{"name":"(anonymous_4)","decl":{"start":{"line":21,"column":20},"end":{"line":21,"column":21}},"loc":{"start":{"line":21,"column":26},"end":{"line":21,"column":66}},"line":21},"5":{"name":"(anonymous_5)","decl":{"start":{"line":21,"column":53},"end":{"line":21,"column":54}},"loc":{"start":{"line":21,"column":60},"end":{"line":21,"column":64}},"line":21},"6":{"name":"(anonymous_6)","decl":{"start":{"line":22,"column":19},"end":{"line":22,"column":20}},"loc":{"start":{"line":22,"column":25},"end":{"line":22,"column":43}},"line":22},"7":{"name":"(anonymous_7)","decl":{"start":{"line":24,"column":23},"end":{"line":24,"column":24}},"loc":{"start":{"line":24,"column":47},"end":{"line":28,"column":3}},"line":24},"8":{"name":"(anonymous_8)","decl":{"start":{"line":52,"column":20},"end":{"line":52,"column":21}},"loc":{"start":{"line":52,"column":27},"end":{"line":52,"column":60}},"line":52},"9":{"name":"(anonymous_9)","decl":{"start":{"line":78,"column":23},"end":{"line":78,"column":24}},"loc":{"start":{"line":79,"column":12},"end":{"line":93,"column":20}},"line":79},"10":{"name":"(anonymous_10)","decl":{"start":{"line":89,"column":26},"end":{"line":89,"column":27}},"loc":{"start":{"line":89,"column":32},"end":{"line":89,"column":50}},"line":89}},"branchMap":{"0":{"loc":{"start":{"line":17,"column":6},"end":{"line":17,"column":70}},"type":"cond-expr","locations":[{"start":{"line":17,"column":26},"end":{"line":17,"column":54}},{"start":{"line":17,"column":57},"end":{"line":17,"column":70}}],"line":17},"1":{"loc":{"start":{"line":26,"column":4},"end":{"line":26,"column":56}},"type":"if","locations":[{"start":{"line":26,"column":4},"end":{"line":26,"column":56}},{"start":{},"end":{}}],"line":26},"2":{"loc":{"start":{"line":26,"column":8},"end":{"line":26,"column":47}},"type":"binary-expr","locations":[{"start":{"line":26,"column":8},"end":{"line":26,"column":32}},{"start":{"line":26,"column":36},"end":{"line":26,"column":47}}],"line":26},"3":{"loc":{"start":{"line":67,"column":21},"end":{"line":67,"column":81}},"type":"cond-expr","locations":[{"start":{"line":67,"column":61},"end":{"line":67,"column":69}},{"start":{"line":67,"column":72},"end":{"line":67,"column":81}}],"line":67},"4":{"loc":{"start":{"line":69,"column":13},"end":{"line":69,"column":79}},"type":"cond-expr","locations":[{"start":{"line":69,"column":53},"end":{"line":69,"column":64}},{"start":{"line":69,"column":67},"end":{"line":69,"column":79}}],"line":69},"5":{"loc":{"start":{"line":82,"column":16},"end":{"line":82,"column":75}},"type":"cond-expr","locations":[{"start":{"line":82,"column":45},"end":{"line":82,"column":70}},{"start":{"line":82,"column":73},"end":{"line":82,"column":75}}],"line":82},"6":{"loc":{"start":{"line":101,"column":18},"end":{"line":101,"column":55}},"type":"binary-expr","locations":[{"start":{"line":101,"column":18},"end":{"line":101,"column":27}},{"start":{"line":101,"column":31},"end":{"line":101,"column":55}}],"line":101},"7":{"loc":{"start":{"line":104,"column":9},"end":{"line":111,"column":9}},"type":"cond-expr","locations":[{"start":{"line":105,"column":10},"end":{"line":108,"column":13}},{"start":{"line":110,"column":10},"end":{"line":110,"column":28}}],"line":104},"8":{"loc":{"start":{"line":114,"column":7},"end":{"line":118,"column":7}},"type":"binary-expr","locations":[{"start":{"line":114,"column":7},"end":{"line":114,"column":29}},{"start":{"line":115,"column":8},"end":{"line":117,"column":14}}],"line":114}},"s":{"0":1,"1":11,"2":11,"3":11,"4":0,"5":0,"6":0,"7":11,"8":3,"9":6,"10":11,"11":0,"12":11,"13":1,"14":1,"15":0,"16":1,"17":11,"18":0,"19":22,"20":0},"f":{"0":11,"1":0,"2":0,"3":0,"4":3,"5":6,"6":0,"7":1,"8":0,"9":22,"10":0},"b":{"0":[0,0],"1":[0,1],"2":[1,1],"3":[3,8],"4":[3,8],"5":[6,16],"6":[11,10],"7":[1,10],"8":[11,3]},"_coverageSchema":"1a1c01bbd47fc00a2c39e90264f33305004495a9","hash":"a45cfb5bff964b2c629e7d17b16d41112503c1cb"}
,"C:\\Users\\mykii\\Downloads\\VCOM -TZ\\frontend\\src\\components\\Optimizer\\ResultsPanel.tsx": {"path":"C:\\Users\\mykii\\Downloads\\VCOM -TZ\\frontend\\src\\components\\Optimizer\\ResultsPanel.tsx","statementMap":{"0":{"start":{"line":9,"column":29},"end":{"line":18,"column":1}},"1":{"start":{"line":10,"column":2},"end":{"line":17,"column":8}},"2":{"start":{"line":20,"column":50},"end":{"line":64,"column":1}},"3":{"start":{"line":21,"column":2},"end":{"line":21,"column":37}},"4":{"start":{"line":21,"column":15},"end":{"line":21,"column":37}},"5":{"start":{"line":23,"column":2},"end":{"line":63,"column":4}},"6":{"start":{"line":52,"column":12},"end":{"line":58,"column":17}}},"fnMap":{"0":{"name":"(anonymous_0)","decl":{"start":{"line":9,"column":29},"end":{"line":9,"column":30}},"loc":{"start":{"line":10,"column":2},"end":{"line":17,"column":8}},"line":10},"1":{"name":"(anonymous_1)","decl":{"start":{"line":20,"column":50},"end":{"line":20,"column":51}},"loc":{"start":{"line":20,"column":66},"end":{"line":64,"column":1}},"line":20},"2":{"name":"(anonymous_2)","decl":{"start":{"line":51,"column":34},"end":{"line":51,"column":35}},"loc":{"start":{"line":52,"column":12},"end":{"line":58,"column":17}},"line":52}},"branchMap":{"0":{"loc":{"start":{"line":21,"column":2},"end":{"line":21,"column":37}},"type":"if","locations":[{"start":{"line":21,"column":2},"end":{"line":21,"column":37}},{"start":{},"end":{}}],"line":21}},"s":{"0":1,"1":1,"2":1,"3":4,"4":1,"5":3,"6":3},"f":{"0":1,"1":4,"2":3},"b":{"0":[1,3]},"_coverageSchema":"1a1c01bbd47fc00a2c39e90264f33305004495a9","hash":"b58ab2c0ad9bdfc6a8a24d80b6f9884ff2ad39ac"}
,"C:\\Users\\mykii\\Downloads\\VCOM -TZ\\frontend\\src\\components\\Reports\\ReportGenerator.tsx": {"path":"C:\\Users\\mykii\\Downloads\\VCOM -TZ\\frontend\\src\\components\\Reports\\ReportGenerator.tsx","statementMap":{"0":{"start":{"line":10,"column":56},"end":{"line":88,"column":1}},"1":{"start":{"line":11,"column":45},"end":{"line":11,"column":56}},"2":{"start":{"line":12,"column":46},"end":{"line":12,"column":94}},"3":{"start":{"line":14,"column":25},"end":{"line":21,"column":3}},"4":{"start":{"line":15,"column":4},"end":{"line":15,"column":47}},"5":{"start":{"line":15,"column":40},"end":{"line":15,"column":47}},"6":{"start":{"line":16,"column":4},"end":{"line":20,"column":7}},"7":{"start":{"line":23,"column":20},"end":{"line":23,"column":50}},"8":{"start":{"line":25,"column":2},"end":{"line":87,"column":4}},"9":{"start":{"line":41,"column":29},"end":{"line":41,"column":93}},"10":{"start":{"line":41,"column":55},"end":{"line":41,"column":91}},"11":{"start":{"line":50,"column":29},"end":{"line":50,"column":97}},"12":{"start":{"line":50,"column":55},"end":{"line":50,"column":95}}},"fnMap":{"0":{"name":"(anonymous_0)","decl":{"start":{"line":10,"column":56},"end":{"line":10,"column":57}},"loc":{"start":{"line":10,"column":83},"end":{"line":88,"column":1}},"line":10},"1":{"name":"(anonymous_1)","decl":{"start":{"line":14,"column":25},"end":{"line":14,"column":26}},"loc":{"start":{"line":14,"column":31},"end":{"line":21,"column":3}},"line":14},"2":{"name":"(anonymous_2)","decl":{"start":{"line":41,"column":22},"end":{"line":41,"column":23}},"loc":{"start":{"line":41,"column":29},"end":{"line":41,"column":93}},"line":41},"3":{"name":"(anonymous_3)","decl":{"start":{"line":41,"column":47},"end":{"line":41,"column":48}},"loc":{"start":{"line":41,"column":55},"end":{"line":41,"column":91}},"line":41},"4":{"name":"(anonymous_4)","decl":{"start":{"line":50,"column":22},"end":{"line":50,"column":23}},"loc":{"start":{"line":50,"column":29},"end":{"line":50,"column":97}},"line":50},"5":{"name":"(anonymous_5)","decl":{"start":{"line":50,"column":47},"end":{"line":50,"column":48}},"loc":{"start":{"line":50,"column":55},"end":{"line":50,"column":95}},"line":50}},"branchMap":{"0":{"loc":{"start":{"line":15,"column":4},"end":{"line":15,"column":47}},"type":"if","locations":[{"start":{"line":15,"column":4},"end":{"line":15,"column":47}},{"start":{},"end":{}}],"line":15},"1":{"loc":{"start":{"line":59,"column":18},"end":{"line":59,"column":40}},"type":"binary-expr","locations":[{"start":{"line":59,"column":18},"end":{"line":59,"column":27}},{"start":{"line":59,"column":31},"end":{"line":59,"column":40}}],"line":59},"2":{"loc":{"start":{"line":62,"column":9},"end":{"line":62,"column":56}},"type":"cond-expr","locations":[{"start":{"line":62,"column":21},"end":{"line":62,"column":36}},{"start":{"line":62,"column":39},"end":{"line":62,"column":56}}],"line":62},"3":{"loc":{"start":{"line":65,"column":7},"end":{"line":67,"column":7}},"type":"binary-expr","locations":[{"start":{"line":65,"column":7},"end":{"line":65,"column":16}},{"start":{"line":66,"column":8},"end":{"line":66,"column":82}}],"line":65},"4":{"loc":{"start":{"line":69,"column":7},"end":{"line":69,"column":87}},"type":"binary-expr","locations":[{"start":{"line":69,"column":7},"end":{"line":69,"column":16}},{"start":{"line":69,"column":20},"end":{"line":69,"column":87}}],"line":69},"5":{"loc":{"start":{"line":71,"column":7},"end":{"line":75,"column":7}},"type":"binary-expr","locations":[{"start":{"line":71,"column":7},"end":{"line":71,"column":12}},{"start":{"line":72,"column":8},"end":{"line":74,"column":12}}],"line":71},"6":{"loc":{"start":{"line":77,"column":7},"end":{"line":85,"column":7}},"type":"binary-expr","locations":[{"start":{"line":77,"column":7},"end":{"line":77,"column":11}},{"start":{"line":78,"column":8},"end":{"line":84,"column":14}}],"line":77}},"s":{"0":1,"1":11,"2":11,"3":11,"4":2,"5":0,"6":2,"7":11,"8":11,"9":1,"10":1,"11":0,"12":0},"f":{"0":11,"1":2,"2":1,"3":1,"4":0,"5":0},"b":{"0":[0,2],"1":[11,11],"2":[0,11],"3":[11,2],"4":[11,0],"5":[11,0],"6":[11,1]},"_coverageSchema":"1a1c01bbd47fc00a2c39e90264f33305004495a9","hash":"1ae78663a3e19e2818d68a6c505f59b2a1406bc1"}
,"C:\\Users\\mykii\\Downloads\\VCOM -TZ\\frontend\\src\\hooks\\useForecast.ts": {"path":"C:\\Users\\mykii\\Downloads\\VCOM -TZ\\frontend\\src\\hooks\\useForecast.ts","statementMap":{"0":{"start":{"line":4,"column":27},"end":{"line":15,"column":1}},"1":{"start":{"line":9,"column":2},"end":{"line":14,"column":5}},"2":{"start":{"line":11,"column":19},"end":{"line":11,"column":56}}},"fnMap":{"0":{"name":"(anonymous_0)","decl":{"start":{"line":4,"column":27},"end":{"line":4,"column":28}},"loc":{"start":{"line":8,"column":5},"end":{"line":15,"column":1}},"line":8},"1":{"name":"(anonymous_1)","decl":{"start":{"line":11,"column":13},"end":{"line":11,"column":14}},"loc":{"start":{"line":11,"column":19},"end":{"line":11,"column":56}},"line":11}},"branchMap":{"0":{"loc":{"start":{"line":6,"column":2},"end":{"line":6,"column":19}},"type":"default-arg","locations":[{"start":{"line":6,"column":17},"end":{"line":6,"column":19}}],"line":6},"1":{"loc":{"start":{"line":7,"column":2},"end":{"line":7,"column":27}},"type":"default-arg","locations":[{"start":{"line":7,"column":18},"end":{"line":7,"column":27}}],"line":7}},"s":{"0":1,"1":5,"2":2},"f":{"0":5,"1":2},"b":{"0":[1],"1":[1]},"_coverageSchema":"1a1c01bbd47fc00a2c39e90264f33305004495a9","hash":"776d708ea854700089b28bab944d658575b8e034"}
,"C:\\Users\\mykii\\Downloads\\VCOM -TZ\\frontend\\src\\hooks\\useOptimizer.ts": {"path":"C:\\Users\\mykii\\Downloads\\VCOM -TZ\\frontend\\src\\hooks\\useOptimizer.ts","statementMap":{"0":{"start":{"line":5,"column":28},"end":{"line":9,"column":1}},"1":{"start":{"line":6,"column":2},"end":{"line":8,"column":5}},"2":{"start":{"line":7,"column":50},"end":{"line":7,"column":74}}},"fnMap":{"0":{"name":"(anonymous_0)","decl":{"start":{"line":5,"column":28},"end":{"line":5,"column":29}},"loc":{"start":{"line":5,"column":34},"end":{"line":9,"column":1}},"line":5},"1":{"name":"(anonymous_1)","decl":{"start":{"line":7,"column":16},"end":{"line":7,"column":17}},"loc":{"start":{"line":7,"column":50},"end":{"line":7,"column":74}},"line":7}},"branchMap":{},"s":{"0":1,"1":4,"2":2},"f":{"0":4,"1":2},"b":{},"_coverageSchema":"1a1c01bbd47fc00a2c39e90264f33305004495a9","hash":"1bb9b7deb64aeba566923b3ac56cd6cf31b6de60"}
,"C:\\Users\\mykii\\Downloads\\VCOM -TZ\\frontend\\src\\hooks\\useRegions.ts": {"path":"C:\\Users\\mykii\\Downloads\\VCOM -TZ\\frontend\\src\\hooks\\useRegions.ts","statementMap":{"0":{"start":{"line":4,"column":26},"end":{"line":10,"column":1}},"1":{"start":{"line":5,"column":2},"end":{"line":9,"column":5}},"2":{"start":{"line":12,"column":31},"end":{"line":18,"column":1}},"3":{"start":{"line":13,"column":2},"end":{"line":17,"column":5}},"4":{"start":{"line":15,"column":19},"end":{"line":15,"column":41}}},"fnMap":{"0":{"name":"(anonymous_0)","decl":{"start":{"line":4,"column":26},"end":{"line":4,"column":27}},"loc":{"start":{"line":4,"column":32},"end":{"line":10,"column":1}},"line":4},"1":{"name":"(anonymous_1)","decl":{"start":{"line":12,"column":31},"end":{"line":12,"column":32}},"loc":{"start":{"line":12,"column":54},"end":{"line":18,"column":1}},"line":12},"2":{"name":"(anonymous_2)","decl":{"start":{"line":15,"column":13},"end":{"line":15,"column":14}},"loc":{"start":{"line":15,"column":19},"end":{"line":15,"column":41}},"line":15}},"branchMap":{},"s":{"0":1,"1":4,"2":1,"3":3,"4":1},"f":{"0":4,"1":3,"2":1},"b":{},"_coverageSchema":"1a1c01bbd47fc00a2c39e90264f33305004495a9","hash":"3cbf7f4a86c43eb250821b846a34525eafab9164"}
,"C:\\Users\\mykii\\Downloads\\VCOM -TZ\\frontend\\src\\hooks\\useReport.ts": {"path":"C:\\Users\\mykii\\Downloads\\VCOM -TZ\\frontend\\src\\hooks\\useReport.ts","statementMap":{"0":{"start":{"line":5,"column":25},"end":{"line":9,"column":1}},"1":{"start":{"line":6,"column":2},"end":{"line":8,"column":5}},"2":{"start":{"line":7,"column":44},"end":{"line":7,"column":67}}},"fnMap":{"0":{"name":"(anonymous_0)","decl":{"start":{"line":5,"column":25},"end":{"line":5,"column":26}},"loc":{"start":{"line":5,"column":31},"end":{"line":9,"column":1}},"line":5},"1":{"name":"(anonymous_1)","decl":{"start":{"line":7,"column":16},"end":{"line":7,"column":17}},"loc":{"start":{"line":7,"column":44},"end":{"line":7,"column":67}},"line":7}},"branchMap":{},"s":{"0":1,"1":4,"2":2},"f":{"0":4,"1":2},"b":{},"_coverageSchema":"1a1c01bbd47fc00a2c39e90264f33305004495a9","hash":"778adcfd831ea17eeadbcb883ec542ef899b5a0f"}
,"C:\\Users\\mykii\\Downloads\\VCOM -TZ\\frontend\\src\\pages\\DashboardPage.tsx": {"path":"C:\\Users\\mykii\\Downloads\\VCOM -TZ\\frontend\\src\\pages\\DashboardPage.tsx","statementMap":{"0":{"start":{"line":5,"column":32},"end":{"line":22,"column":1}},"1":{"start":{"line":6,"column":40},"end":{"line":6,"column":55}},"2":{"start":{"line":8,"column":24},"end":{"line":10,"column":8}},"3":{"start":{"line":9,"column":4},"end":{"line":9,"column":36}},"4":{"start":{"line":9,"column":29},"end":{"line":9,"column":34}},"5":{"start":{"line":12,"column":23},"end":{"line":14,"column":8}},"6":{"start":{"line":13,"column":4},"end":{"line":13,"column":26}},"7":{"start":{"line":16,"column":2},"end":{"line":21,"column":4}}},"fnMap":{"0":{"name":"(anonymous_0)","decl":{"start":{"line":5,"column":32},"end":{"line":5,"column":33}},"loc":{"start":{"line":5,"column":38},"end":{"line":22,"column":1}},"line":5},"1":{"name":"(anonymous_1)","decl":{"start":{"line":8,"column":36},"end":{"line":8,"column":37}},"loc":{"start":{"line":8,"column":42},"end":{"line":10,"column":3}},"line":8},"2":{"name":"(anonymous_2)","decl":{"start":{"line":9,"column":19},"end":{"line":9,"column":20}},"loc":{"start":{"line":9,"column":29},"end":{"line":9,"column":34}},"line":9},"3":{"name":"(anonymous_3)","decl":{"start":{"line":12,"column":35},"end":{"line":12,"column":36}},"loc":{"start":{"line":12,"column":41},"end":{"line":14,"column":3}},"line":12}},"branchMap":{},"s":{"0":0,"1":0,"2":0,"3":0,"4":0,"5":0,"6":0,"7":0},"f":{"0":0,"1":0,"2":0,"3":0},"b":{}}
,"C:\\Users\\mykii\\Downloads\\VCOM -TZ\\frontend\\src\\services\\api.ts": {"path":"C:\\Users\\mykii\\Downloads\\VCOM -TZ\\frontend\\src\\services\\api.ts","statementMap":{"0":{"start":{"line":3,"column":12},"end":{"line":9,"column":2}},"1":{"start":{"line":11,"column":0},"end":{"line":17,"column":2}},"2":{"start":{"line":12,"column":16},"end":{"line":12,"column":24}},"3":{"start":{"line":14,"column":4},"end":{"line":14,"column":71}},"4":{"start":{"line":15,"column":4},"end":{"line":15,"column":33}}},"fnMap":{"0":{"name":"(anonymous_0)","decl":{"start":{"line":12,"column":2},"end":{"line":12,"column":3}},"loc":{"start":{"line":12,"column":16},"end":{"line":12,"column":24}},"line":12},"1":{"name":"(anonymous_1)","decl":{"start":{"line":13,"column":2},"end":{"line":13,"column":3}},"loc":{"start":{"line":13,"column":13},"end":{"line":16,"column":3}},"line":13}},"branchMap":{"0":{"loc":{"start":{"line":4,"column":11},"end":{"line":4,"column":74}},"type":"binary-expr","locations":[{"start":{"line":4,"column":11},"end":{"line":4,"column":40}},{"start":{"line":4,"column":44},"end":{"line":4,"column":74}}],"line":4},"1":{"loc":{"start":{"line":14,"column":32},"end":{"line":14,"column":69}},"type":"binary-expr","locations":[{"start":{"line":14,"column":32},"end":{"line":14,"column":52}},{"start":{"line":14,"column":56},"end":{"line":14,"column":69}}],"line":14}},"s":{"0":9,"1":9,"2":0,"3":0,"4":0},"f":{"0":0,"1":0},"b":{"0":[9,9],"1":[0,0]},"_coverageSchema":"1a1c01bbd47fc00a2c39e90264f33305004495a9","hash":"44f1e15c2d5a4a21cc829823d9fe9078b96bc5ec"}
,"C:\\Users\\mykii\\Downloads\\VCOM -TZ\\frontend\\src\\services\\forecastApi.ts": {"path":"C:\\Users\\mykii\\Downloads\\VCOM -TZ\\frontend\\src\\services\\forecastApi.ts","statementMap":{"0":{"start":{"line":4,"column":29},"end":{"line":14,"column":1}},"1":{"start":{"line":9,"column":19},"end":{"line":12,"column":3}},"2":{"start":{"line":13,"column":2},"end":{"line":13,"column":14}}},"fnMap":{"0":{"name":"(anonymous_0)","decl":{"start":{"line":4,"column":29},"end":{"line":4,"column":30}},"loc":{"start":{"line":8,"column":32},"end":{"line":14,"column":1}},"line":8}},"branchMap":{"0":{"loc":{"start":{"line":6,"column":2},"end":{"line":6,"column":19}},"type":"default-arg","locations":[{"start":{"line":6,"column":17},"end":{"line":6,"column":19}}],"line":6},"1":{"loc":{"start":{"line":7,"column":2},"end":{"line":7,"column":27}},"type":"default-arg","locations":[{"start":{"line":7,"column":18},"end":{"line":7,"column":27}}],"line":7}},"s":{"0":2,"1":3,"2":2},"f":{"0":3},"b":{"0":[2],"1":[2]},"_coverageSchema":"1a1c01bbd47fc00a2c39e90264f33305004495a9","hash":"713500642c3cf1ab8bc62db8410bf03a3e09db60"}
,"C:\\Users\\mykii\\Downloads\\VCOM -TZ\\frontend\\src\\services\\optimizerApi.ts": {"path":"C:\\Users\\mykii\\Downloads\\VCOM -TZ\\frontend\\src\\services\\optimizerApi.ts","statementMap":{"0":{"start":{"line":4,"column":31},"end":{"line":9,"column":1}},"1":{"start":{"line":7,"column":19},"end":{"line":7,"column":77}},"2":{"start":{"line":8,"column":2},"end":{"line":8,"column":14}}},"fnMap":{"0":{"name":"(anonymous_0)","decl":{"start":{"line":4,"column":31},"end":{"line":4,"column":32}},"loc":{"start":{"line":6,"column":36},"end":{"line":9,"column":1}},"line":6}},"branchMap":{},"s":{"0":2,"1":2,"2":1},"f":{"0":2},"b":{},"_coverageSchema":"1a1c01bbd47fc00a2c39e90264f33305004495a9","hash":"12c8c8cff091a3ad79c4fcec779f245ee8b6ff0a"}
,"C:\\Users\\mykii\\Downloads\\VCOM -TZ\\frontend\\src\\services\\regionApi.ts": {"path":"C:\\Users\\mykii\\Downloads\\VCOM -TZ\\frontend\\src\\services\\regionApi.ts","statementMap":{"0":{"start":{"line":4,"column":28},"end":{"line":7,"column":1}},"1":{"start":{"line":5,"column":19},"end":{"line":5,"column":59}},"2":{"start":{"line":6,"column":2},"end":{"line":6,"column":14}},"3":{"start":{"line":9,"column":33},"end":{"line":12,"column":1}},"4":{"start":{"line":10,"column":19},"end":{"line":10,"column":64}},"5":{"start":{"line":11,"column":2},"end":{"line":11,"column":14}}},"fnMap":{"0":{"name":"(anonymous_0)","decl":{"start":{"line":4,"column":28},"end":{"line":4,"column":29}},"loc":{"start":{"line":4,"column":64},"end":{"line":7,"column":1}},"line":4},"1":{"name":"(anonymous_1)","decl":{"start":{"line":9,"column":33},"end":{"line":9,"column":34}},"loc":{"start":{"line":9,"column":78},"end":{"line":12,"column":1}},"line":9}},"branchMap":{},"s":{"0":2,"1":2,"2":1,"3":2,"4":1,"5":1},"f":{"0":2,"1":1},"b":{},"_coverageSchema":"1a1c01bbd47fc00a2c39e90264f33305004495a9","hash":"51313291dbc69e8271cecc5693c5077f4512da67"}
,"C:\\Users\\mykii\\Downloads\\VCOM -TZ\\frontend\\src\\services\\reportApi.ts": {"path":"C:\\Users\\mykii\\Downloads\\VCOM -TZ\\frontend\\src\\services\\reportApi.ts","statementMap":{"0":{"start":{"line":4,"column":30},"end":{"line":9,"column":1}},"1":{"start":{"line":7,"column":19},"end":{"line":7,"column":78}},"2":{"start":{"line":8,"column":2},"end":{"line":8,"column":14}}},"fnMap":{"0":{"name":"(anonymous_0)","decl":{"start":{"line":4,"column":30},"end":{"line":4,"column":31}},"loc":{"start":{"line":6,"column":30},"end":{"line":9,"column":1}},"line":6}},"branchMap":{},"s":{"0":2,"1":2,"2":1},"f":{"0":2},"b":{},"_coverageSchema":"1a1c01bbd47fc00a2c39e90264f33305004495a9","hash":"b32a3d7ebd2ca324e406f0c2210f943fda1eb6d5"}
,"C:\\Users\\mykii\\Downloads\\VCOM -TZ\\frontend\\src\\types\\index.ts": {"path":"C:\\Users\\mykii\\Downloads\\VCOM -TZ\\frontend\\src\\types\\index.ts","statementMap":{},"fnMap":{},"branchMap":{},"s":{},"f":{},"b":{}}
}
