TN:
SF:src\App.tsx
FN:15,(anonymous_0)
FNF:1
FNH:1
FNDA:1,(anonymous_0)
DA:6,1
DA:15,1
DA:16,1
LF:3
LH:3
BRF:0
BRH:0
end_of_record
TN:
SF:src\index.tsx
FNF:0
FNH:0
DA:6,0
DA:7,0
DA:9,0
DA:10,0
LF:4
LH:0
BRDA:7,0,0,0
BRDA:7,0,1,0
BRF:2
BRH:0
end_of_record
TN:
SF:src\components\Charts\ForecastChart.tsx
FN:25,(anonymous_0)
FN:38,(anonymous_1)
FN:42,(anonymous_2)
FN:49,(anonymous_3)
FN:59,(anonymous_4)
FN:68,(anonymous_5)
FNF:6
FNH:6
FNDA:6,(anonymous_0)
FNDA:9,(anonymous_1)
FNDA:4,(anonymous_2)
FNDA:4,(anonymous_3)
FNDA:4,(anonymous_4)
FNDA:4,(anonymous_5)
DA:18,2
DA:25,2
DA:26,6
DA:38,2
DA:39,9
DA:40,8
DA:42,4
DA:44,2
DA:49,4
DA:59,4
DA:68,4
DA:79,2
DA:117,2
LF:13
LH:13
BRDA:39,0,0,1
BRDA:39,0,1,8
BRDA:40,1,0,6
BRDA:40,1,1,2
BRF:4
BRH:4
end_of_record
TN:
SF:src\components\Common\ErrorAlert.tsx
FN:10,(anonymous_0)
FNF:1
FNH:1
FNDA:7,(anonymous_0)
DA:10,2
DA:15,7
LF:2
LH:2
BRDA:12,0,0,6
BRDA:27,1,0,7
BRDA:27,1,1,2
BRF:3
BRH:3
end_of_record
TN:
SF:src\components\Common\LoadingSpinner.tsx
FN:9,(anonymous_0)
FN:23,(anonymous_1)
FN:25,(anonymous_2)
FNF:3
FNH:3
FNDA:6,(anonymous_0)
FNDA:2,(anonymous_1)
FNDA:8,(anonymous_2)
DA:9,4
DA:13,6
DA:23,4
DA:24,2
DA:26,8
LF:5
LH:5
BRDA:10,0,0,2
BRDA:11,1,0,6
BRDA:15,2,0,0
BRDA:15,2,1,6
BRDA:23,3,0,1
BRDA:29,4,0,2
BRDA:29,4,1,6
BRF:7
BRH:6
end_of_record
TN:
SF:src\components\Layout\Dashboard.tsx
FN:17,(anonymous_0)
FN:27,(anonymous_1)
FN:32,(anonymous_2)
FN:35,(anonymous_3)
FN:67,(anonymous_4)
FN:71,(anonymous_5)
FN:87,(anonymous_6)
FNF:7
FNH:4
FNDA:9,(anonymous_0)
FNDA:0,(anonymous_1)
FNDA:0,(anonymous_2)
FNDA:6,(anonymous_3)
FNDA:18,(anonymous_4)
FNDA:1,(anonymous_5)
FNDA:0,(anonymous_6)
DA:17,1
DA:21,9
DA:22,9
DA:23,9
DA:24,9
DA:25,9
DA:27,9
DA:28,0
DA:31,9
DA:32,8
DA:33,7
DA:35,6
DA:37,6
DA:68,18
DA:71,1
DA:87,0
LF:16
LH:14
BRDA:31,0,0,1
BRDA:31,0,1,8
BRDA:32,1,0,1
BRDA:32,1,1,7
BRDA:33,2,0,1
BRDA:33,2,1,6
BRDA:70,3,0,6
BRDA:70,3,1,12
BRDA:92,4,0,0
BRDA:92,4,1,6
BRF:10
BRH:9
end_of_record
TN:
SF:src\components\Layout\Header.tsx
FN:8,(anonymous_0)
FNF:1
FNH:1
FNDA:5,(anonymous_0)
DA:8,1
DA:9,5
LF:2
LH:2
BRF:0
BRH:0
end_of_record
TN:
SF:src\components\Layout\Sidebar.tsx
FN:13,getRiskColor
FN:20,getRiskLabel
FN:27,(anonymous_2)
FN:34,(anonymous_3)
FN:56,(anonymous_4)
FN:60,(anonymous_5)
FNF:6
FNH:6
FNDA:33,getRiskColor
FNDA:33,getRiskLabel
FNDA:15,(anonymous_2)
FNDA:1,(anonymous_3)
FNDA:33,(anonymous_4)
FNDA:1,(anonymous_5)
DA:14,33
DA:15,24
DA:16,18
DA:17,9
DA:21,33
DA:22,24
DA:23,18
DA:24,9
DA:27,2
DA:34,15
DA:35,1
DA:36,1
DA:39,15
DA:57,33
DA:60,1
LF:15
LH:15
BRDA:14,0,0,9
BRDA:14,0,1,24
BRDA:15,1,0,6
BRDA:15,1,1,18
BRDA:16,2,0,9
BRDA:16,2,1,9
BRDA:21,3,0,9
BRDA:21,3,1,24
BRDA:22,4,0,6
BRDA:22,4,1,18
BRDA:23,5,0,9
BRDA:23,5,1,9
BRDA:42,6,0,9
BRDA:42,6,1,6
BRDA:47,7,0,9
BRDA:47,7,1,6
BRDA:59,8,0,1
BRDA:59,8,1,32
BRF:18
BRH:18
end_of_record
TN:
SF:src\components\Map\Legend.tsx
FN:11,(anonymous_0)
FN:14,(anonymous_1)
FNF:2
FNH:2
FNDA:20,(anonymous_0)
FNDA:80,(anonymous_1)
DA:4,2
DA:11,2
DA:12,20
DA:15,80
LF:4
LH:4
BRF:0
BRH:0
end_of_record
TN:
SF:src\components\Map\MapView.tsx
FN:14,getRiskColorRaw
FN:21,getRiskLabel
FN:28,(anonymous_2)
FN:29,(anonymous_3)
FN:41,(anonymous_4)
FN:74,(anonymous_5)
FN:80,(anonymous_6)
FN:82,(anonymous_7)
FN:87,(anonymous_8)
FNF:9
FNH:9
FNDA:9,getRiskColorRaw
FNDA:4,getRiskLabel
FNDA:16,(anonymous_2)
FNDA:5,(anonymous_3)
FNDA:4,(anonymous_4)
FNDA:1,(anonymous_5)
FNDA:16,(anonymous_6)
FNDA:16,(anonymous_7)
FNDA:16,(anonymous_8)
DA:15,9
DA:16,8
DA:17,3
DA:18,2
DA:22,4
DA:23,4
DA:24,0
DA:25,0
DA:28,1
DA:29,16
DA:30,5
DA:31,5
DA:40,16
DA:42,4
DA:43,4
DA:44,4
DA:45,4
DA:47,4
DA:73,4
DA:74,4
DA:80,16
DA:81,16
DA:82,16
DA:83,16
DA:87,16
DA:89,16
LF:26
LH:24
BRDA:15,0,0,1
BRDA:15,0,1,8
BRDA:16,1,0,5
BRDA:16,1,1,3
BRDA:17,2,0,1
BRDA:17,2,1,2
BRDA:22,3,0,0
BRDA:22,3,1,4
BRDA:23,4,0,4
BRDA:23,4,1,0
BRDA:24,5,0,0
BRDA:24,5,1,0
BRDA:30,6,0,5
BRDA:30,6,1,1
BRDA:53,7,0,4
BRDA:53,7,1,0
BRDA:57,8,0,4
BRDA:57,8,1,0
BRDA:101,9,0,16
BRDA:101,9,1,15
BRF:20
BRH:14
end_of_record
TN:
SF:src\components\Optimizer\BudgetForm.tsx
FN:11,(anonymous_0)
FN:15,(anonymous_1)
FN:16,(anonymous_2)
FN:17,(anonymous_3)
FN:21,(anonymous_4)
FN:21,(anonymous_5)
FN:22,(anonymous_6)
FN:24,(anonymous_7)
FN:52,(anonymous_8)
FN:78,(anonymous_9)
FN:89,(anonymous_10)
FNF:11
FNH:5
FNDA:17,(anonymous_0)
FNDA:0,(anonymous_1)
FNDA:0,(anonymous_2)
FNDA:0,(anonymous_3)
FNDA:3,(anonymous_4)
FNDA:6,(anonymous_5)
FNDA:0,(anonymous_6)
FNDA:1,(anonymous_7)
FNDA:0,(anonymous_8)
FNDA:28,(anonymous_9)
FNDA:0,(anonymous_10)
DA:11,2
DA:12,17
DA:13,17
DA:15,17
DA:16,0
DA:17,0
DA:21,17
DA:22,17
DA:24,17
DA:25,1
DA:26,1
DA:27,1
DA:30,17
DA:52,0
DA:79,28
DA:89,0
LF:16
LH:12
BRDA:17,0,0,0
BRDA:17,0,1,0
BRDA:26,1,0,0
BRDA:26,1,1,1
BRDA:26,2,0,1
BRDA:26,2,1,1
BRDA:67,3,0,3
BRDA:67,3,1,14
BRDA:69,4,0,3
BRDA:69,4,1,14
BRDA:82,5,0,6
BRDA:82,5,1,22
BRDA:101,6,0,17
BRDA:101,6,1,16
BRDA:104,7,0,1
BRDA:104,7,1,16
BRDA:114,8,0,17
BRDA:114,8,1,3
BRF:18
BRH:15
end_of_record
TN:
SF:src\components\Optimizer\ResultsPanel.tsx
FN:9,(anonymous_0)
FN:20,(anonymous_1)
FN:51,(anonymous_2)
FNF:3
FNH:3
FNDA:7,(anonymous_0)
FNDA:10,(anonymous_1)
FNDA:3,(anonymous_2)
DA:9,2
DA:10,7
DA:20,2
DA:21,10
DA:23,3
DA:52,3
LF:6
LH:6
BRDA:21,0,0,7
BRDA:21,0,1,3
BRF:2
BRH:2
end_of_record
TN:
SF:src\components\Reports\ReportGenerator.tsx
FN:10,(anonymous_0)
FN:14,(anonymous_1)
FN:41,(anonymous_2)
FN:41,(anonymous_3)
FN:50,(anonymous_4)
FN:50,(anonymous_5)
FNF:6
FNH:4
FNDA:17,(anonymous_0)
FNDA:2,(anonymous_1)
FNDA:1,(anonymous_2)
FNDA:1,(anonymous_3)
FNDA:0,(anonymous_4)
FNDA:0,(anonymous_5)
DA:10,2
DA:11,17
DA:12,17
DA:14,17
DA:15,2
DA:16,2
DA:23,17
DA:25,17
DA:41,1
DA:50,0
LF:10
LH:9
BRDA:15,0,0,0
BRDA:15,0,1,2
BRDA:59,1,0,17
BRDA:59,1,1,17
BRDA:62,2,0,0
BRDA:62,2,1,17
BRDA:65,3,0,17
BRDA:65,3,1,8
BRDA:69,4,0,17
BRDA:69,4,1,0
BRDA:71,5,0,17
BRDA:71,5,1,0
BRDA:77,6,0,17
BRDA:77,6,1,1
BRF:14
BRH:10
end_of_record
TN:
SF:src\hooks\useForecast.ts
FN:4,(anonymous_0)
FN:11,(anonymous_1)
FNF:2
FNH:2
FNDA:5,(anonymous_0)
FNDA:2,(anonymous_1)
DA:4,1
DA:9,5
DA:11,2
LF:3
LH:3
BRDA:6,0,0,1
BRDA:7,1,0,1
BRF:2
BRH:2
end_of_record
TN:
SF:src\hooks\useOptimizer.ts
FN:5,(anonymous_0)
FN:7,(anonymous_1)
FNF:2
FNH:2
FNDA:4,(anonymous_0)
FNDA:2,(anonymous_1)
DA:5,1
DA:6,4
DA:7,2
LF:3
LH:3
BRF:0
BRH:0
end_of_record
TN:
SF:src\hooks\useRegions.ts
FN:4,(anonymous_0)
FN:12,(anonymous_1)
FN:15,(anonymous_2)
FNF:3
FNH:3
FNDA:4,(anonymous_0)
FNDA:3,(anonymous_1)
FNDA:1,(anonymous_2)
DA:4,1
DA:5,4
DA:12,1
DA:13,3
DA:15,1
LF:5
LH:5
BRF:0
BRH:0
end_of_record
TN:
SF:src\hooks\useReport.ts
FN:5,(anonymous_0)
FN:7,(anonymous_1)
FNF:2
FNH:2
FNDA:4,(anonymous_0)
FNDA:2,(anonymous_1)
DA:5,1
DA:6,4
DA:7,2
LF:3
LH:3
BRF:0
BRH:0
end_of_record
TN:
SF:src\pages\DashboardPage.tsx
FN:5,(anonymous_0)
FN:8,(anonymous_1)
FN:9,(anonymous_2)
FN:12,(anonymous_3)
FNF:4
FNH:4
FNDA:10,(anonymous_0)
FNDA:4,(anonymous_1)
FNDA:4,(anonymous_2)
FNDA:1,(anonymous_3)
DA:5,1
DA:6,10
DA:8,10
DA:9,4
DA:12,10
DA:13,1
DA:16,10
LF:7
LH:7
BRF:0
BRH:0
end_of_record
TN:
SF:src\services\api.ts
FN:12,(anonymous_0)
FN:13,(anonymous_1)
FNF:2
FNH:2
FNDA:1,(anonymous_0)
FNDA:2,(anonymous_1)
DA:3,9
DA:11,9
DA:12,1
DA:14,2
DA:15,2
LF:5
LH:5
BRDA:4,0,0,9
BRDA:4,0,1,9
BRDA:14,1,0,2
BRDA:14,1,1,1
BRF:4
BRH:4
end_of_record
TN:
SF:src\services\forecastApi.ts
FN:4,(anonymous_0)
FNF:1
FNH:1
FNDA:3,(anonymous_0)
DA:4,2
DA:9,3
DA:13,2
LF:3
LH:3
BRDA:6,0,0,2
BRDA:7,1,0,2
BRF:2
BRH:2
end_of_record
TN:
SF:src\services\optimizerApi.ts
FN:4,(anonymous_0)
FNF:1
FNH:1
FNDA:2,(anonymous_0)
DA:4,2
DA:7,2
DA:8,1
LF:3
LH:3
BRF:0
BRH:0
end_of_record
TN:
SF:src\services\regionApi.ts
FN:4,(anonymous_0)
FN:9,(anonymous_1)
FNF:2
FNH:2
FNDA:2,(anonymous_0)
FNDA:1,(anonymous_1)
DA:4,2
DA:5,2
DA:6,1
DA:9,2
DA:10,1
DA:11,1
LF:6
LH:6
BRF:0
BRH:0
end_of_record
TN:
SF:src\services\reportApi.ts
FN:4,(anonymous_0)
FNF:1
FNH:1
FNDA:2,(anonymous_0)
DA:4,2
DA:7,2
DA:8,1
LF:3
LH:3
BRF:0
BRH:0
end_of_record
TN:
SF:src\types\index.ts
FNF:0
FNH:0
LF:0
LH:0
BRF:0
BRH:0
end_of_record
