TN:
SF:src\App.tsx
FN:15,(anonymous_0)
FNF:1
FNH:0
FNDA:0,(anonymous_0)
DA:6,0
DA:15,0
DA:16,0
LF:3
LH:0
BRF:0
BRH:0
end_of_record
TN:
SF:src\index.tsx
FNF:0
FNH:0
DA:6,0
DA:7,0
DA:9,0
DA:10,0
LF:4
LH:0
BRDA:7,0,0,0
BRDA:7,0,1,0
BRF:2
BRH:0
end_of_record
TN:
SF:src\components\Charts\ForecastChart.tsx
FN:25,(anonymous_0)
FN:38,(anonymous_1)
FN:42,(anonymous_2)
FN:49,(anonymous_3)
FN:59,(anonymous_4)
FN:68,(anonymous_5)
FNF:6
FNH:6
FNDA:1,(anonymous_0)
FNDA:4,(anonymous_1)
FNDA:4,(anonymous_2)
FNDA:4,(anonymous_3)
FNDA:4,(anonymous_4)
FNDA:4,(anonymous_5)
DA:18,1
DA:25,1
DA:26,1
DA:38,1
DA:39,4
DA:40,3
DA:42,4
DA:44,2
DA:49,4
DA:59,4
DA:68,4
DA:79,2
DA:117,2
LF:13
LH:13
BRDA:39,0,0,1
BRDA:39,0,1,3
BRDA:40,1,0,1
BRDA:40,1,1,2
BRF:4
BRH:4
end_of_record
TN:
SF:src\components\Common\ErrorAlert.tsx
FN:10,(anonymous_0)
FNF:1
FNH:1
FNDA:6,(anonymous_0)
DA:10,1
DA:15,6
LF:2
LH:2
BRDA:12,0,0,5
BRDA:27,1,0,6
BRDA:27,1,1,1
BRF:3
BRH:3
end_of_record
TN:
SF:src\components\Common\LoadingSpinner.tsx
FN:9,(anonymous_0)
FN:23,(anonymous_1)
FN:25,(anonymous_2)
FNF:3
FNH:3
FNDA:5,(anonymous_0)
FNDA:2,(anonymous_1)
FNDA:8,(anonymous_2)
DA:9,3
DA:13,5
DA:23,3
DA:24,2
DA:26,8
LF:5
LH:5
BRDA:10,0,0,2
BRDA:11,1,0,5
BRDA:15,2,0,0
BRDA:15,2,1,5
BRDA:23,3,0,1
BRDA:29,4,0,2
BRDA:29,4,1,6
BRF:7
BRH:6
end_of_record
TN:
SF:src\components\Layout\Dashboard.tsx
FN:17,(anonymous_0)
FN:27,(anonymous_1)
FN:32,(anonymous_2)
FN:35,(anonymous_3)
FN:67,(anonymous_4)
FN:71,(anonymous_5)
FN:87,(anonymous_6)
FNF:7
FNH:0
FNDA:0,(anonymous_0)
FNDA:0,(anonymous_1)
FNDA:0,(anonymous_2)
FNDA:0,(anonymous_3)
FNDA:0,(anonymous_4)
FNDA:0,(anonymous_5)
FNDA:0,(anonymous_6)
DA:17,0
DA:21,0
DA:22,0
DA:23,0
DA:24,0
DA:25,0
DA:27,0
DA:28,0
DA:31,0
DA:32,0
DA:33,0
DA:35,0
DA:37,0
DA:68,0
DA:71,0
DA:87,0
LF:16
LH:0
BRDA:31,0,0,0
BRDA:31,0,1,0
BRDA:32,1,0,0
BRDA:32,1,1,0
BRDA:33,2,0,0
BRDA:33,2,1,0
BRDA:70,3,0,0
BRDA:70,3,1,0
BRDA:92,4,0,0
BRDA:92,4,1,0
BRF:10
BRH:0
end_of_record
TN:
SF:src\components\Layout\Header.tsx
FN:8,(anonymous_0)
FNF:1
FNH:1
FNDA:5,(anonymous_0)
DA:8,1
DA:9,5
LF:2
LH:2
BRF:0
BRH:0
end_of_record
TN:
SF:src\components\Layout\Sidebar.tsx
FN:13,getRiskColor
FN:20,getRiskLabel
FN:27,(anonymous_2)
FN:34,(anonymous_3)
FN:56,(anonymous_4)
FN:60,(anonymous_5)
FNF:6
FNH:6
FNDA:27,getRiskColor
FNDA:27,getRiskLabel
FNDA:9,(anonymous_2)
FNDA:1,(anonymous_3)
FNDA:27,(anonymous_4)
FNDA:1,(anonymous_5)
DA:14,27
DA:15,18
DA:16,18
DA:17,9
DA:21,27
DA:22,18
DA:23,18
DA:24,9
DA:27,1
DA:34,9
DA:35,1
DA:36,1
DA:39,9
DA:57,27
DA:60,1
LF:15
LH:15
BRDA:14,0,0,9
BRDA:14,0,1,18
BRDA:15,1,0,0
BRDA:15,1,1,18
BRDA:16,2,0,9
BRDA:16,2,1,9
BRDA:21,3,0,9
BRDA:21,3,1,18
BRDA:22,4,0,0
BRDA:22,4,1,18
BRDA:23,5,0,9
BRDA:23,5,1,9
BRDA:42,6,0,9
BRDA:42,6,1,0
BRDA:47,7,0,9
BRDA:47,7,1,0
BRDA:59,8,0,1
BRDA:59,8,1,26
BRF:18
BRH:14
end_of_record
TN:
SF:src\components\Map\Legend.tsx
FN:11,(anonymous_0)
FN:14,(anonymous_1)
FNF:2
FNH:2
FNDA:4,(anonymous_0)
FNDA:16,(anonymous_1)
DA:4,1
DA:11,1
DA:12,4
DA:15,16
LF:4
LH:4
BRF:0
BRH:0
end_of_record
TN:
SF:src\components\Map\MapView.tsx
FN:14,getRiskColor
FN:21,getRiskColorRaw
FN:28,getRiskLabel
FN:35,(anonymous_3)
FN:36,(anonymous_4)
FN:48,(anonymous_5)
FN:81,(anonymous_6)
FN:87,(anonymous_7)
FN:89,(anonymous_8)
FN:94,(anonymous_9)
FNF:10
FNH:0
FNDA:0,getRiskColor
FNDA:0,getRiskColorRaw
FNDA:0,getRiskLabel
FNDA:0,(anonymous_3)
FNDA:0,(anonymous_4)
FNDA:0,(anonymous_5)
FNDA:0,(anonymous_6)
FNDA:0,(anonymous_7)
FNDA:0,(anonymous_8)
FNDA:0,(anonymous_9)
DA:15,0
DA:16,0
DA:17,0
DA:18,0
DA:22,0
DA:23,0
DA:24,0
DA:25,0
DA:29,0
DA:30,0
DA:31,0
DA:32,0
DA:35,0
DA:36,0
DA:37,0
DA:38,0
DA:47,0
DA:49,0
DA:50,0
DA:51,0
DA:52,0
DA:54,0
DA:80,0
DA:81,0
DA:87,0
DA:88,0
DA:89,0
DA:90,0
DA:94,0
DA:96,0
LF:30
LH:0
BRDA:15,0,0,0
BRDA:15,0,1,0
BRDA:16,1,0,0
BRDA:16,1,1,0
BRDA:17,2,0,0
BRDA:17,2,1,0
BRDA:22,3,0,0
BRDA:22,3,1,0
BRDA:23,4,0,0
BRDA:23,4,1,0
BRDA:24,5,0,0
BRDA:24,5,1,0
BRDA:29,6,0,0
BRDA:29,6,1,0
BRDA:30,7,0,0
BRDA:30,7,1,0
BRDA:31,8,0,0
BRDA:31,8,1,0
BRDA:37,9,0,0
BRDA:37,9,1,0
BRDA:60,10,0,0
BRDA:60,10,1,0
BRDA:64,11,0,0
BRDA:64,11,1,0
BRDA:108,12,0,0
BRDA:108,12,1,0
BRF:26
BRH:0
end_of_record
TN:
SF:src\components\Optimizer\BudgetForm.tsx
FN:11,(anonymous_0)
FN:15,(anonymous_1)
FN:16,(anonymous_2)
FN:17,(anonymous_3)
FN:21,(anonymous_4)
FN:21,(anonymous_5)
FN:22,(anonymous_6)
FN:24,(anonymous_7)
FN:52,(anonymous_8)
FN:78,(anonymous_9)
FN:89,(anonymous_10)
FNF:11
FNH:5
FNDA:11,(anonymous_0)
FNDA:0,(anonymous_1)
FNDA:0,(anonymous_2)
FNDA:0,(anonymous_3)
FNDA:3,(anonymous_4)
FNDA:6,(anonymous_5)
FNDA:0,(anonymous_6)
FNDA:1,(anonymous_7)
FNDA:0,(anonymous_8)
FNDA:22,(anonymous_9)
FNDA:0,(anonymous_10)
DA:11,1
DA:12,11
DA:13,11
DA:15,11
DA:16,0
DA:17,0
DA:21,11
DA:22,11
DA:24,11
DA:25,1
DA:26,1
DA:27,1
DA:30,11
DA:52,0
DA:79,22
DA:89,0
LF:16
LH:12
BRDA:17,0,0,0
BRDA:17,0,1,0
BRDA:26,1,0,0
BRDA:26,1,1,1
BRDA:26,2,0,1
BRDA:26,2,1,1
BRDA:67,3,0,3
BRDA:67,3,1,8
BRDA:69,4,0,3
BRDA:69,4,1,8
BRDA:82,5,0,6
BRDA:82,5,1,16
BRDA:101,6,0,11
BRDA:101,6,1,10
BRDA:104,7,0,1
BRDA:104,7,1,10
BRDA:114,8,0,11
BRDA:114,8,1,3
BRF:18
BRH:15
end_of_record
TN:
SF:src\components\Optimizer\ResultsPanel.tsx
FN:9,(anonymous_0)
FN:20,(anonymous_1)
FN:51,(anonymous_2)
FNF:3
FNH:3
FNDA:1,(anonymous_0)
FNDA:4,(anonymous_1)
FNDA:3,(anonymous_2)
DA:9,1
DA:10,1
DA:20,1
DA:21,4
DA:23,3
DA:52,3
LF:6
LH:6
BRDA:21,0,0,1
BRDA:21,0,1,3
BRF:2
BRH:2
end_of_record
TN:
SF:src\components\Reports\ReportGenerator.tsx
FN:10,(anonymous_0)
FN:14,(anonymous_1)
FN:41,(anonymous_2)
FN:41,(anonymous_3)
FN:50,(anonymous_4)
FN:50,(anonymous_5)
FNF:6
FNH:4
FNDA:11,(anonymous_0)
FNDA:2,(anonymous_1)
FNDA:1,(anonymous_2)
FNDA:1,(anonymous_3)
FNDA:0,(anonymous_4)
FNDA:0,(anonymous_5)
DA:10,1
DA:11,11
DA:12,11
DA:14,11
DA:15,2
DA:16,2
DA:23,11
DA:25,11
DA:41,1
DA:50,0
LF:10
LH:9
BRDA:15,0,0,0
BRDA:15,0,1,2
BRDA:59,1,0,11
BRDA:59,1,1,11
BRDA:62,2,0,0
BRDA:62,2,1,11
BRDA:65,3,0,11
BRDA:65,3,1,2
BRDA:69,4,0,11
BRDA:69,4,1,0
BRDA:71,5,0,11
BRDA:71,5,1,0
BRDA:77,6,0,11
BRDA:77,6,1,1
BRF:14
BRH:10
end_of_record
TN:
SF:src\hooks\useForecast.ts
FN:4,(anonymous_0)
FN:11,(anonymous_1)
FNF:2
FNH:2
FNDA:5,(anonymous_0)
FNDA:2,(anonymous_1)
DA:4,1
DA:9,5
DA:11,2
LF:3
LH:3
BRDA:6,0,0,1
BRDA:7,1,0,1
BRF:2
BRH:2
end_of_record
TN:
SF:src\hooks\useOptimizer.ts
FN:5,(anonymous_0)
FN:7,(anonymous_1)
FNF:2
FNH:2
FNDA:4,(anonymous_0)
FNDA:2,(anonymous_1)
DA:5,1
DA:6,4
DA:7,2
LF:3
LH:3
BRF:0
BRH:0
end_of_record
TN:
SF:src\hooks\useRegions.ts
FN:4,(anonymous_0)
FN:12,(anonymous_1)
FN:15,(anonymous_2)
FNF:3
FNH:3
FNDA:4,(anonymous_0)
FNDA:3,(anonymous_1)
FNDA:1,(anonymous_2)
DA:4,1
DA:5,4
DA:12,1
DA:13,3
DA:15,1
LF:5
LH:5
BRF:0
BRH:0
end_of_record
TN:
SF:src\hooks\useReport.ts
FN:5,(anonymous_0)
FN:7,(anonymous_1)
FNF:2
FNH:2
FNDA:4,(anonymous_0)
FNDA:2,(anonymous_1)
DA:5,1
DA:6,4
DA:7,2
LF:3
LH:3
BRF:0
BRH:0
end_of_record
TN:
SF:src\pages\DashboardPage.tsx
FN:5,(anonymous_0)
FN:8,(anonymous_1)
FN:9,(anonymous_2)
FN:12,(anonymous_3)
FNF:4
FNH:0
FNDA:0,(anonymous_0)
FNDA:0,(anonymous_1)
FNDA:0,(anonymous_2)
FNDA:0,(anonymous_3)
DA:5,0
DA:6,0
DA:8,0
DA:9,0
DA:12,0
DA:13,0
DA:16,0
LF:7
LH:0
BRF:0
BRH:0
end_of_record
TN:
SF:src\services\api.ts
FN:12,(anonymous_0)
FN:13,(anonymous_1)
FNF:2
FNH:0
FNDA:0,(anonymous_0)
FNDA:0,(anonymous_1)
DA:3,9
DA:11,9
DA:12,0
DA:14,0
DA:15,0
LF:5
LH:2
BRDA:4,0,0,9
BRDA:4,0,1,9
BRDA:14,1,0,0
BRDA:14,1,1,0
BRF:4
BRH:2
end_of_record
TN:
SF:src\services\forecastApi.ts
FN:4,(anonymous_0)
FNF:1
FNH:1
FNDA:3,(anonymous_0)
DA:4,2
DA:9,3
DA:13,2
LF:3
LH:3
BRDA:6,0,0,2
BRDA:7,1,0,2
BRF:2
BRH:2
end_of_record
TN:
SF:src\services\optimizerApi.ts
FN:4,(anonymous_0)
FNF:1
FNH:1
FNDA:2,(anonymous_0)
DA:4,2
DA:7,2
DA:8,1
LF:3
LH:3
BRF:0
BRH:0
end_of_record
TN:
SF:src\services\regionApi.ts
FN:4,(anonymous_0)
FN:9,(anonymous_1)
FNF:2
FNH:2
FNDA:2,(anonymous_0)
FNDA:1,(anonymous_1)
DA:4,2
DA:5,2
DA:6,1
DA:9,2
DA:10,1
DA:11,1
LF:6
LH:6
BRF:0
BRH:0
end_of_record
TN:
SF:src\services\reportApi.ts
FN:4,(anonymous_0)
FNF:1
FNH:1
FNDA:2,(anonymous_0)
DA:4,2
DA:7,2
DA:8,1
LF:3
LH:3
BRF:0
BRH:0
end_of_record
TN:
SF:src\types\index.ts
FNF:0
FNH:0
LF:0
LH:0
BRF:0
BRH:0
end_of_record
